12-Jun-2025 14:55:06.016 INFO [main] org.apache.catalina.startup.VersionLoggerListener.log Nombre de la versión del servidor: Apache Tomcat/11.0.8
12-Jun-2025 14:55:06.019 INFO [main] org.apache.catalina.startup.VersionLoggerListener.log Server built:                      Jun 5 2025 17:49:55 UTC
12-Jun-2025 14:55:06.019 INFO [main] org.apache.catalina.startup.VersionLoggerListener.log Número de versión de servidor:     11.0.8.0
12-Jun-2025 14:55:06.019 INFO [main] org.apache.catalina.startup.VersionLoggerListener.log OS Name:                           Windows 11
12-Jun-2025 14:55:06.020 INFO [main] org.apache.catalina.startup.VersionLoggerListener.log Versión de Systema Operativo:      10.0
12-Jun-2025 14:55:06.020 INFO [main] org.apache.catalina.startup.VersionLoggerListener.log Arquitectura:                      amd64
12-Jun-2025 14:55:06.020 INFO [main] org.apache.catalina.startup.VersionLoggerListener.log Java Home:                         C:\Program Files\Java\jdk-22
12-Jun-2025 14:55:06.020 INFO [main] org.apache.catalina.startup.VersionLoggerListener.log JVM Version:                       22.0.1+8-16
12-Jun-2025 14:55:06.020 INFO [main] org.apache.catalina.startup.VersionLoggerListener.log Vededor JVM:                       Oracle Corporation
12-Jun-2025 14:55:06.020 INFO [main] org.apache.catalina.startup.VersionLoggerListener.log CATALINA_BASE:                     D:\proyecto_final_helder_java-js\apache-tomcat-11.0.8-windows-x64\apache-tomcat-11.0.8
12-Jun-2025 14:55:06.020 INFO [main] org.apache.catalina.startup.VersionLoggerListener.log CATALINA_HOME:                     D:\proyecto_final_helder_java-js\apache-tomcat-11.0.8-windows-x64\apache-tomcat-11.0.8
12-Jun-2025 14:55:06.027 INFO [main] org.apache.catalina.startup.VersionLoggerListener.log Command line argument:             -Djava.util.logging.config.file=D:\proyecto_final_helder_java-js\apache-tomcat-11.0.8-windows-x64\apache-tomcat-11.0.8\conf\logging.properties
12-Jun-2025 14:55:06.028 INFO [main] org.apache.catalina.startup.VersionLoggerListener.log Command line argument:             -Djava.util.logging.manager=org.apache.juli.ClassLoaderLogManager
12-Jun-2025 14:55:06.028 INFO [main] org.apache.catalina.startup.VersionLoggerListener.log Command line argument:             -Djdk.tls.ephemeralDHKeySize=2048
12-Jun-2025 14:55:06.028 INFO [main] org.apache.catalina.startup.VersionLoggerListener.log Command line argument:             --add-opens=java.base/java.lang=ALL-UNNAMED
12-Jun-2025 14:55:06.028 INFO [main] org.apache.catalina.startup.VersionLoggerListener.log Command line argument:             --add-opens=java.base/java.lang.reflect=ALL-UNNAMED
12-Jun-2025 14:55:06.028 INFO [main] org.apache.catalina.startup.VersionLoggerListener.log Command line argument:             --add-opens=java.base/java.io=ALL-UNNAMED
12-Jun-2025 14:55:06.028 INFO [main] org.apache.catalina.startup.VersionLoggerListener.log Command line argument:             --add-opens=java.base/java.util=ALL-UNNAMED
12-Jun-2025 14:55:06.028 INFO [main] org.apache.catalina.startup.VersionLoggerListener.log Command line argument:             --add-opens=java.base/java.util.concurrent=ALL-UNNAMED
12-Jun-2025 14:55:06.028 INFO [main] org.apache.catalina.startup.VersionLoggerListener.log Command line argument:             --add-opens=java.rmi/sun.rmi.transport=ALL-UNNAMED
12-Jun-2025 14:55:06.028 INFO [main] org.apache.catalina.startup.VersionLoggerListener.log Command line argument:             --enable-native-access=ALL-UNNAMED
12-Jun-2025 14:55:06.028 INFO [main] org.apache.catalina.startup.VersionLoggerListener.log Command line argument:             -Dcatalina.base=D:\proyecto_final_helder_java-js\apache-tomcat-11.0.8-windows-x64\apache-tomcat-11.0.8
12-Jun-2025 14:55:06.028 INFO [main] org.apache.catalina.startup.VersionLoggerListener.log Command line argument:             -Dcatalina.home=D:\proyecto_final_helder_java-js\apache-tomcat-11.0.8-windows-x64\apache-tomcat-11.0.8
12-Jun-2025 14:55:06.028 INFO [main] org.apache.catalina.startup.VersionLoggerListener.log Command line argument:             -Djava.io.tmpdir=D:\proyecto_final_helder_java-js\apache-tomcat-11.0.8-windows-x64\apache-tomcat-11.0.8\temp
12-Jun-2025 14:55:06.110 INFO [main] org.apache.catalina.core.AprLifecycleListener.lifecycleEvent Cargada la biblioteca nativa APR de Apache Tomcat [2.0.9] con la versión APR [1.7.6].
12-Jun-2025 14:55:06.115 INFO [main] org.apache.catalina.core.AprLifecycleListener.initializeSSL OpenSSL inicializado correctamente [OpenSSL 3.5.0 8 Apr 2025]
12-Jun-2025 14:55:06.356 INFO [main] org.apache.coyote.AbstractProtocol.init Inicializando el manejador de protocolo ["http-nio-8080"]

12-Jun-2025 14:55:06.373 INFO [main] org.apache.catalina.startup.Catalina.load Server initialization in [534] milliseconds
12-Jun-2025 14:55:06.421 INFO [main] org.apache.catalina.core.StandardService.startInternal Arrancando servicio [Catalina]
12-Jun-2025 14:55:06.421 INFO [main] org.apache.catalina.core.StandardEngine.startInternal Starting Servlet engine: [Apache Tomcat/11.0.8]
12-Jun-2025 14:55:06.429 INFO [main] org.apache.catalina.startup.HostConfig.deployDirectory Desplegando el directorio [D:\proyecto_final_helder_java-js\apache-tomcat-11.0.8-windows-x64\apache-tomcat-11.0.8\webapps\docs] de la aplicación web
12-Jun-2025 14:55:06.664 INFO [main] org.apache.catalina.startup.HostConfig.deployDirectory Deployment of web application directory [D:\proyecto_final_helder_java-js\apache-tomcat-11.0.8-windows-x64\apache-tomcat-11.0.8\webapps\docs] has finished in [233] ms
12-Jun-2025 14:55:06.664 INFO [main] org.apache.catalina.startup.HostConfig.deployDirectory Desplegando el directorio [D:\proyecto_final_helder_java-js\apache-tomcat-11.0.8-windows-x64\apache-tomcat-11.0.8\webapps\examples] de la aplicación web
12-Jun-2025 14:55:07.178 INFO [main] org.apache.catalina.startup.HostConfig.deployDirectory Deployment of web application directory [D:\proyecto_final_helder_java-js\apache-tomcat-11.0.8-windows-x64\apache-tomcat-11.0.8\webapps\examples] has finished in [514] ms
12-Jun-2025 14:55:07.179 INFO [main] org.apache.catalina.startup.HostConfig.deployDirectory Desplegando el directorio [D:\proyecto_final_helder_java-js\apache-tomcat-11.0.8-windows-x64\apache-tomcat-11.0.8\webapps\host-manager] de la aplicación web
12-Jun-2025 14:55:07.205 INFO [main] org.apache.catalina.startup.HostConfig.deployDirectory Deployment of web application directory [D:\proyecto_final_helder_java-js\apache-tomcat-11.0.8-windows-x64\apache-tomcat-11.0.8\webapps\host-manager] has finished in [26] ms
12-Jun-2025 14:55:07.205 INFO [main] org.apache.catalina.startup.HostConfig.deployDirectory Desplegando el directorio [D:\proyecto_final_helder_java-js\apache-tomcat-11.0.8-windows-x64\apache-tomcat-11.0.8\webapps\manager] de la aplicación web
12-Jun-2025 14:55:07.226 INFO [main] org.apache.catalina.startup.HostConfig.deployDirectory Deployment of web application directory [D:\proyecto_final_helder_java-js\apache-tomcat-11.0.8-windows-x64\apache-tomcat-11.0.8\webapps\manager] has finished in [21] ms
12-Jun-2025 14:55:07.226 INFO [main] org.apache.catalina.startup.HostConfig.deployDirectory Desplegando el directorio [D:\proyecto_final_helder_java-js\apache-tomcat-11.0.8-windows-x64\apache-tomcat-11.0.8\webapps\ROOT] de la aplicación web
12-Jun-2025 14:55:07.251 INFO [main] org.apache.catalina.startup.HostConfig.deployDirectory Deployment of web application directory [D:\proyecto_final_helder_java-js\apache-tomcat-11.0.8-windows-x64\apache-tomcat-11.0.8\webapps\ROOT] has finished in [23] ms
12-Jun-2025 14:55:07.256 INFO [main] org.apache.coyote.AbstractProtocol.start Starting ProtocolHandler ["http-nio-8080"]
12-Jun-2025 14:55:07.276 INFO [main] org.apache.catalina.startup.Catalina.start Server startup in [901] milliseconds
12-Jun-2025 15:39:32.929 INFO [main] org.apache.catalina.core.StandardServer.await Se ha recibido un comando de apagado a través del puerto de apagado. Parando la instancia del Servidor.
12-Jun-2025 15:39:32.930 INFO [main] org.apache.coyote.AbstractProtocol.pause Pausing ProtocolHandler ["http-nio-8080"]
12-Jun-2025 15:39:32.935 INFO [main] org.apache.catalina.core.StandardService.stopInternal Parando servicio [Catalina]
12-Jun-2025 15:39:32.950 INFO [main] org.apache.coyote.AbstractProtocol.stop Stopping ProtocolHandler ["http-nio-8080"]
12-Jun-2025 15:39:32.959 INFO [main] org.apache.coyote.AbstractProtocol.destroy Destroying ProtocolHandler ["http-nio-8080"]
12-Jun-2025 15:47:47.975 INFO [main] org.apache.catalina.startup.VersionLoggerListener.log Nombre de la versión del servidor: Apache Tomcat/11.0.8
12-Jun-2025 15:47:47.980 INFO [main] org.apache.catalina.startup.VersionLoggerListener.log Server built:                      Jun 5 2025 17:49:55 UTC
12-Jun-2025 15:47:47.981 INFO [main] org.apache.catalina.startup.VersionLoggerListener.log Número de versión de servidor:     11.0.8.0
12-Jun-2025 15:47:47.981 INFO [main] org.apache.catalina.startup.VersionLoggerListener.log OS Name:                           Windows 11
12-Jun-2025 15:47:47.981 INFO [main] org.apache.catalina.startup.VersionLoggerListener.log Versión de Systema Operativo:      10.0
12-Jun-2025 15:47:47.981 INFO [main] org.apache.catalina.startup.VersionLoggerListener.log Arquitectura:                      amd64
12-Jun-2025 15:47:47.981 INFO [main] org.apache.catalina.startup.VersionLoggerListener.log Java Home:                         C:\Program Files\Java\jdk-22
12-Jun-2025 15:47:47.981 INFO [main] org.apache.catalina.startup.VersionLoggerListener.log JVM Version:                       22.0.1+8-16
12-Jun-2025 15:47:47.981 INFO [main] org.apache.catalina.startup.VersionLoggerListener.log Vededor JVM:                       Oracle Corporation
12-Jun-2025 15:47:47.981 INFO [main] org.apache.catalina.startup.VersionLoggerListener.log CATALINA_BASE:                     D:\proyecto_final_helder_java-js\apache-tomcat-11.0.8-windows-x64\apache-tomcat-11.0.8
12-Jun-2025 15:47:47.981 INFO [main] org.apache.catalina.startup.VersionLoggerListener.log CATALINA_HOME:                     D:\proyecto_final_helder_java-js\apache-tomcat-11.0.8-windows-x64\apache-tomcat-11.0.8
12-Jun-2025 15:47:47.989 INFO [main] org.apache.catalina.startup.VersionLoggerListener.log Command line argument:             -Djava.util.logging.config.file=D:\proyecto_final_helder_java-js\apache-tomcat-11.0.8-windows-x64\apache-tomcat-11.0.8\conf\logging.properties
12-Jun-2025 15:47:47.989 INFO [main] org.apache.catalina.startup.VersionLoggerListener.log Command line argument:             -Djava.util.logging.manager=org.apache.juli.ClassLoaderLogManager
12-Jun-2025 15:47:47.989 INFO [main] org.apache.catalina.startup.VersionLoggerListener.log Command line argument:             -Djdk.tls.ephemeralDHKeySize=2048
12-Jun-2025 15:47:47.989 INFO [main] org.apache.catalina.startup.VersionLoggerListener.log Command line argument:             --add-opens=java.base/java.lang=ALL-UNNAMED
12-Jun-2025 15:47:47.989 INFO [main] org.apache.catalina.startup.VersionLoggerListener.log Command line argument:             --add-opens=java.base/java.lang.reflect=ALL-UNNAMED
12-Jun-2025 15:47:47.990 INFO [main] org.apache.catalina.startup.VersionLoggerListener.log Command line argument:             --add-opens=java.base/java.io=ALL-UNNAMED
12-Jun-2025 15:47:47.990 INFO [main] org.apache.catalina.startup.VersionLoggerListener.log Command line argument:             --add-opens=java.base/java.util=ALL-UNNAMED
12-Jun-2025 15:47:47.990 INFO [main] org.apache.catalina.startup.VersionLoggerListener.log Command line argument:             --add-opens=java.base/java.util.concurrent=ALL-UNNAMED
12-Jun-2025 15:47:47.990 INFO [main] org.apache.catalina.startup.VersionLoggerListener.log Command line argument:             --add-opens=java.rmi/sun.rmi.transport=ALL-UNNAMED
12-Jun-2025 15:47:47.990 INFO [main] org.apache.catalina.startup.VersionLoggerListener.log Command line argument:             --enable-native-access=ALL-UNNAMED
12-Jun-2025 15:47:47.990 INFO [main] org.apache.catalina.startup.VersionLoggerListener.log Command line argument:             -Dcatalina.base=D:\proyecto_final_helder_java-js\apache-tomcat-11.0.8-windows-x64\apache-tomcat-11.0.8
12-Jun-2025 15:47:47.990 INFO [main] org.apache.catalina.startup.VersionLoggerListener.log Command line argument:             -Dcatalina.home=D:\proyecto_final_helder_java-js\apache-tomcat-11.0.8-windows-x64\apache-tomcat-11.0.8
12-Jun-2025 15:47:47.990 INFO [main] org.apache.catalina.startup.VersionLoggerListener.log Command line argument:             -Djava.io.tmpdir=D:\proyecto_final_helder_java-js\apache-tomcat-11.0.8-windows-x64\apache-tomcat-11.0.8\temp
12-Jun-2025 15:47:47.999 INFO [main] org.apache.catalina.core.AprLifecycleListener.lifecycleEvent Cargada la biblioteca nativa APR de Apache Tomcat [2.0.9] con la versión APR [1.7.6].
12-Jun-2025 15:47:48.002 INFO [main] org.apache.catalina.core.AprLifecycleListener.initializeSSL OpenSSL inicializado correctamente [OpenSSL 3.5.0 8 Apr 2025]
12-Jun-2025 15:47:48.230 INFO [main] org.apache.coyote.AbstractProtocol.init Inicializando el manejador de protocolo ["http-nio-8080"]

12-Jun-2025 15:47:48.246 INFO [main] org.apache.catalina.startup.Catalina.load Server initialization in [436] milliseconds
12-Jun-2025 15:47:48.286 INFO [main] org.apache.catalina.core.StandardService.startInternal Arrancando servicio [Catalina]
12-Jun-2025 15:47:48.287 INFO [main] org.apache.catalina.core.StandardEngine.startInternal Starting Servlet engine: [Apache Tomcat/11.0.8]
12-Jun-2025 15:47:48.294 INFO [main] org.apache.catalina.startup.HostConfig.deployDirectory Desplegando el directorio [D:\proyecto_final_helder_java-js\apache-tomcat-11.0.8-windows-x64\apache-tomcat-11.0.8\webapps\docs] de la aplicación web
12-Jun-2025 15:47:48.534 INFO [main] org.apache.catalina.startup.HostConfig.deployDirectory Deployment of web application directory [D:\proyecto_final_helder_java-js\apache-tomcat-11.0.8-windows-x64\apache-tomcat-11.0.8\webapps\docs] has finished in [237] ms
12-Jun-2025 15:47:48.534 INFO [main] org.apache.catalina.startup.HostConfig.deployDirectory Desplegando el directorio [D:\proyecto_final_helder_java-js\apache-tomcat-11.0.8-windows-x64\apache-tomcat-11.0.8\webapps\examples] de la aplicación web
12-Jun-2025 15:47:48.832 INFO [main] org.apache.catalina.startup.HostConfig.deployDirectory Deployment of web application directory [D:\proyecto_final_helder_java-js\apache-tomcat-11.0.8-windows-x64\apache-tomcat-11.0.8\webapps\examples] has finished in [298] ms
12-Jun-2025 15:47:48.833 INFO [main] org.apache.catalina.startup.HostConfig.deployDirectory Desplegando el directorio [D:\proyecto_final_helder_java-js\apache-tomcat-11.0.8-windows-x64\apache-tomcat-11.0.8\webapps\host-manager] de la aplicación web
12-Jun-2025 15:47:48.856 INFO [main] org.apache.catalina.startup.HostConfig.deployDirectory Deployment of web application directory [D:\proyecto_final_helder_java-js\apache-tomcat-11.0.8-windows-x64\apache-tomcat-11.0.8\webapps\host-manager] has finished in [23] ms
12-Jun-2025 15:47:48.856 INFO [main] org.apache.catalina.startup.HostConfig.deployDirectory Desplegando el directorio [D:\proyecto_final_helder_java-js\apache-tomcat-11.0.8-windows-x64\apache-tomcat-11.0.8\webapps\manager] de la aplicación web
12-Jun-2025 15:47:48.879 INFO [main] org.apache.catalina.startup.HostConfig.deployDirectory Deployment of web application directory [D:\proyecto_final_helder_java-js\apache-tomcat-11.0.8-windows-x64\apache-tomcat-11.0.8\webapps\manager] has finished in [22] ms
12-Jun-2025 15:47:48.879 INFO [main] org.apache.catalina.startup.HostConfig.deployDirectory Desplegando el directorio [D:\proyecto_final_helder_java-js\apache-tomcat-11.0.8-windows-x64\apache-tomcat-11.0.8\webapps\ROOT] de la aplicación web
12-Jun-2025 15:47:48.900 INFO [main] org.apache.catalina.startup.HostConfig.deployDirectory Deployment of web application directory [D:\proyecto_final_helder_java-js\apache-tomcat-11.0.8-windows-x64\apache-tomcat-11.0.8\webapps\ROOT] has finished in [21] ms
12-Jun-2025 15:47:48.903 INFO [main] org.apache.coyote.AbstractProtocol.start Starting ProtocolHandler ["http-nio-8080"]
12-Jun-2025 15:47:48.921 INFO [main] org.apache.catalina.startup.Catalina.start Server startup in [674] milliseconds
12-Jun-2025 15:47:49.024 INFO [http-nio-8080-exec-2] org.apache.catalina.startup.HostConfig.deployDescriptor Desplieque del descriptor de configuración [D:\proyecto_final_helder_java-js\apache-tomcat-11.0.8-windows-x64\apache-tomcat-11.0.8\conf\Catalina\localhost\helder_proyect_java.xml]
12-Jun-2025 15:47:49.027 WARNING [http-nio-8080-exec-2] org.apache.catalina.startup.HostConfig.deployDescriptor The path attribute with value [/helder_proyect_java] in deployment descriptor [D:\proyecto_final_helder_java-js\apache-tomcat-11.0.8-windows-x64\apache-tomcat-11.0.8\conf\Catalina\localhost\helder_proyect_java.xml] has been ignored
12-Jun-2025 15:47:49.050 INFO [http-nio-8080-exec-2] org.apache.catalina.startup.HostConfig.deployDescriptor Deployment of deployment descriptor [D:\proyecto_final_helder_java-js\apache-tomcat-11.0.8-windows-x64\apache-tomcat-11.0.8\conf\Catalina\localhost\helder_proyect_java.xml] has finished in [26] ms
12-Jun-2025 15:47:49.053 INFO [http-nio-8080-exec-3] org.apache.catalina.util.LifecycleBase.start The start() method was called on component [StandardEngine[Catalina].StandardHost[localhost].StandardContext[/helder_proyect_java]] after start() had already been called. The second call will be ignored.
12-Jun-2025 16:20:49.578 INFO [http-nio-8080-exec-8] org.apache.catalina.startup.HostConfig.undeploy Repliegue (undeploy) de la aplicación web que tiene como trayectoria de contexto [/helder_proyect_java]
12-Jun-2025 16:20:49.586 INFO [http-nio-8080-exec-4] org.apache.catalina.startup.HostConfig.deployDescriptor Desplieque del descriptor de configuración [D:\proyecto_final_helder_java-js\apache-tomcat-11.0.8-windows-x64\apache-tomcat-11.0.8\conf\Catalina\localhost\helder_proyect_java.xml]
12-Jun-2025 16:20:49.587 WARNING [http-nio-8080-exec-4] org.apache.catalina.startup.HostConfig.deployDescriptor The path attribute with value [/helder_proyect_java] in deployment descriptor [D:\proyecto_final_helder_java-js\apache-tomcat-11.0.8-windows-x64\apache-tomcat-11.0.8\conf\Catalina\localhost\helder_proyect_java.xml] has been ignored
12-Jun-2025 16:20:49.610 INFO [http-nio-8080-exec-4] org.apache.catalina.startup.HostConfig.deployDescriptor Deployment of deployment descriptor [D:\proyecto_final_helder_java-js\apache-tomcat-11.0.8-windows-x64\apache-tomcat-11.0.8\conf\Catalina\localhost\helder_proyect_java.xml] has finished in [24] ms
12-Jun-2025 16:20:49.614 INFO [http-nio-8080-exec-3] org.apache.catalina.util.LifecycleBase.start The start() method was called on component [StandardEngine[Catalina].StandardHost[localhost].StandardContext[/helder_proyect_java]] after start() had already been called. The second call will be ignored.
12-Jun-2025 16:24:22.551 INFO [http-nio-8080-exec-19] org.apache.catalina.startup.HostConfig.undeploy Repliegue (undeploy) de la aplicación web que tiene como trayectoria de contexto [/helder_proyect_java]
12-Jun-2025 16:24:22.560 INFO [http-nio-8080-exec-13] org.apache.catalina.startup.HostConfig.deployDescriptor Desplieque del descriptor de configuración [D:\proyecto_final_helder_java-js\apache-tomcat-11.0.8-windows-x64\apache-tomcat-11.0.8\conf\Catalina\localhost\helder_proyect_java.xml]
12-Jun-2025 16:24:22.561 WARNING [http-nio-8080-exec-13] org.apache.catalina.startup.HostConfig.deployDescriptor The path attribute with value [/helder_proyect_java] in deployment descriptor [D:\proyecto_final_helder_java-js\apache-tomcat-11.0.8-windows-x64\apache-tomcat-11.0.8\conf\Catalina\localhost\helder_proyect_java.xml] has been ignored
12-Jun-2025 16:24:22.584 INFO [http-nio-8080-exec-13] org.apache.catalina.startup.HostConfig.deployDescriptor Deployment of deployment descriptor [D:\proyecto_final_helder_java-js\apache-tomcat-11.0.8-windows-x64\apache-tomcat-11.0.8\conf\Catalina\localhost\helder_proyect_java.xml] has finished in [24] ms
12-Jun-2025 16:24:22.585 INFO [http-nio-8080-exec-12] org.apache.catalina.util.LifecycleBase.start The start() method was called on component [StandardEngine[Catalina].StandardHost[localhost].StandardContext[/helder_proyect_java]] after start() had already been called. The second call will be ignored.
12-Jun-2025 16:30:23.845 INFO [http-nio-8080-exec-21] org.apache.catalina.startup.HostConfig.undeploy Repliegue (undeploy) de la aplicación web que tiene como trayectoria de contexto [/helder_proyect_java]
12-Jun-2025 16:30:23.859 INFO [http-nio-8080-exec-29] org.apache.catalina.startup.HostConfig.deployDescriptor Desplieque del descriptor de configuración [D:\proyecto_final_helder_java-js\apache-tomcat-11.0.8-windows-x64\apache-tomcat-11.0.8\conf\Catalina\localhost\helder_proyect_java.xml]
12-Jun-2025 16:30:23.861 WARNING [http-nio-8080-exec-29] org.apache.catalina.startup.HostConfig.deployDescriptor The path attribute with value [/helder_proyect_java] in deployment descriptor [D:\proyecto_final_helder_java-js\apache-tomcat-11.0.8-windows-x64\apache-tomcat-11.0.8\conf\Catalina\localhost\helder_proyect_java.xml] has been ignored
12-Jun-2025 16:30:23.882 INFO [http-nio-8080-exec-29] org.apache.catalina.startup.HostConfig.deployDescriptor Deployment of deployment descriptor [D:\proyecto_final_helder_java-js\apache-tomcat-11.0.8-windows-x64\apache-tomcat-11.0.8\conf\Catalina\localhost\helder_proyect_java.xml] has finished in [23] ms
12-Jun-2025 16:30:23.885 INFO [http-nio-8080-exec-22] org.apache.catalina.util.LifecycleBase.start The start() method was called on component [StandardEngine[Catalina].StandardHost[localhost].StandardContext[/helder_proyect_java]] after start() had already been called. The second call will be ignored.
12-Jun-2025 16:31:45.737 INFO [http-nio-8080-exec-39] org.apache.catalina.startup.HostConfig.undeploy Repliegue (undeploy) de la aplicación web que tiene como trayectoria de contexto [/helder_proyect_java]
12-Jun-2025 16:31:45.745 INFO [http-nio-8080-exec-33] org.apache.catalina.startup.HostConfig.deployDescriptor Desplieque del descriptor de configuración [D:\proyecto_final_helder_java-js\apache-tomcat-11.0.8-windows-x64\apache-tomcat-11.0.8\conf\Catalina\localhost\helder_proyect_java.xml]
12-Jun-2025 16:31:45.746 WARNING [http-nio-8080-exec-33] org.apache.catalina.startup.HostConfig.deployDescriptor The path attribute with value [/helder_proyect_java] in deployment descriptor [D:\proyecto_final_helder_java-js\apache-tomcat-11.0.8-windows-x64\apache-tomcat-11.0.8\conf\Catalina\localhost\helder_proyect_java.xml] has been ignored
12-Jun-2025 16:31:45.765 INFO [http-nio-8080-exec-33] org.apache.catalina.startup.HostConfig.deployDescriptor Deployment of deployment descriptor [D:\proyecto_final_helder_java-js\apache-tomcat-11.0.8-windows-x64\apache-tomcat-11.0.8\conf\Catalina\localhost\helder_proyect_java.xml] has finished in [20] ms
12-Jun-2025 16:31:45.767 INFO [http-nio-8080-exec-36] org.apache.catalina.util.LifecycleBase.start The start() method was called on component [StandardEngine[Catalina].StandardHost[localhost].StandardContext[/helder_proyect_java]] after start() had already been called. The second call will be ignored.
12-Jun-2025 16:34:55.257 INFO [http-nio-8080-exec-41] org.apache.catalina.startup.HostConfig.undeploy Repliegue (undeploy) de la aplicación web que tiene como trayectoria de contexto [/helder_proyect_java]
12-Jun-2025 16:35:55.010 INFO [http-nio-8080-exec-40] org.apache.catalina.startup.HostConfig.deployDescriptor Desplieque del descriptor de configuración [D:\proyecto_final_helder_java-js\apache-tomcat-11.0.8-windows-x64\apache-tomcat-11.0.8\conf\Catalina\localhost\helder.xml]
12-Jun-2025 16:35:55.011 WARNING [http-nio-8080-exec-40] org.apache.catalina.startup.HostConfig.deployDescriptor The path attribute with value [/helder] in deployment descriptor [D:\proyecto_final_helder_java-js\apache-tomcat-11.0.8-windows-x64\apache-tomcat-11.0.8\conf\Catalina\localhost\helder.xml] has been ignored
12-Jun-2025 16:35:55.032 INFO [http-nio-8080-exec-40] org.apache.catalina.startup.HostConfig.deployDescriptor Deployment of deployment descriptor [D:\proyecto_final_helder_java-js\apache-tomcat-11.0.8-windows-x64\apache-tomcat-11.0.8\conf\Catalina\localhost\helder.xml] has finished in [22] ms
12-Jun-2025 16:35:55.034 INFO [http-nio-8080-exec-47] org.apache.catalina.util.LifecycleBase.start The start() method was called on component [StandardEngine[Catalina].StandardHost[localhost].StandardContext[/helder]] after start() had already been called. The second call will be ignored.
12-Jun-2025 17:26:25.904 INFO [Catalina-utility-1] org.apache.catalina.startup.HostConfig.reload Falló la recarga del contexto [/helder]
12-Jun-2025 17:26:25.904 INFO [Catalina-utility-1] org.apache.catalina.core.StandardContext.reload Ha comenzado la recarga de Contexto [/helder]
12-Jun-2025 17:26:25.928 INFO [Catalina-utility-1] org.apache.catalina.core.StandardContext.reload Se ha completado la recarga de este Contexto
12-Jun-2025 17:34:55.391 INFO [http-nio-8080-exec-50] org.apache.catalina.startup.HostConfig.undeploy Repliegue (undeploy) de la aplicación web que tiene como trayectoria de contexto [/helder]
12-Jun-2025 17:34:55.406 INFO [http-nio-8080-exec-62] org.apache.catalina.startup.HostConfig.deployDescriptor Desplieque del descriptor de configuración [D:\proyecto_final_helder_java-js\apache-tomcat-11.0.8-windows-x64\apache-tomcat-11.0.8\conf\Catalina\localhost\urban_pro.xml]
12-Jun-2025 17:34:55.408 WARNING [http-nio-8080-exec-62] org.apache.catalina.startup.HostConfig.deployDescriptor The path attribute with value [/urban_pro] in deployment descriptor [D:\proyecto_final_helder_java-js\apache-tomcat-11.0.8-windows-x64\apache-tomcat-11.0.8\conf\Catalina\localhost\urban_pro.xml] has been ignored
12-Jun-2025 17:34:55.946 INFO [http-nio-8080-exec-62] org.apache.jasper.servlet.TldScanner.scanJars Al menos un JAR, que se ha explorado buscando TLDs, aún no contenía TLDs. Activar historial de depuración para este historiador para una completa lista de los JARs que fueron explorados y de los que nos se halló TLDs. Saltarse JARs no necesarios durante la exploración puede dar lugar a una mejora de tiempo significativa en el arranque y compilación de JSP .
12-Jun-2025 17:34:56.038 INFO [http-nio-8080-exec-62] org.apache.catalina.startup.HostConfig.deployDescriptor Deployment of deployment descriptor [D:\proyecto_final_helder_java-js\apache-tomcat-11.0.8-windows-x64\apache-tomcat-11.0.8\conf\Catalina\localhost\urban_pro.xml] has finished in [632] ms
12-Jun-2025 17:34:56.040 INFO [http-nio-8080-exec-67] org.apache.catalina.util.LifecycleBase.start The start() method was called on component [StandardEngine[Catalina].StandardHost[localhost].StandardContext[/urban_pro]] after start() had already been called. The second call will be ignored.
12-Jun-2025 17:35:51.973 INFO [http-nio-8080-exec-74] org.apache.catalina.startup.HostConfig.undeploy Repliegue (undeploy) de la aplicación web que tiene como trayectoria de contexto [/urban_pro]
12-Jun-2025 17:35:51.980 INFO [http-nio-8080-exec-71] org.apache.catalina.startup.HostConfig.deployDescriptor Desplieque del descriptor de configuración [D:\proyecto_final_helder_java-js\apache-tomcat-11.0.8-windows-x64\apache-tomcat-11.0.8\conf\Catalina\localhost\urban_pro.xml]
12-Jun-2025 17:35:51.981 WARNING [http-nio-8080-exec-71] org.apache.catalina.startup.HostConfig.deployDescriptor The path attribute with value [/urban_pro] in deployment descriptor [D:\proyecto_final_helder_java-js\apache-tomcat-11.0.8-windows-x64\apache-tomcat-11.0.8\conf\Catalina\localhost\urban_pro.xml] has been ignored
12-Jun-2025 17:35:52.483 INFO [http-nio-8080-exec-71] org.apache.jasper.servlet.TldScanner.scanJars Al menos un JAR, que se ha explorado buscando TLDs, aún no contenía TLDs. Activar historial de depuración para este historiador para una completa lista de los JARs que fueron explorados y de los que nos se halló TLDs. Saltarse JARs no necesarios durante la exploración puede dar lugar a una mejora de tiempo significativa en el arranque y compilación de JSP .
12-Jun-2025 17:35:52.551 INFO [http-nio-8080-exec-71] org.apache.catalina.startup.HostConfig.deployDescriptor Deployment of deployment descriptor [D:\proyecto_final_helder_java-js\apache-tomcat-11.0.8-windows-x64\apache-tomcat-11.0.8\conf\Catalina\localhost\urban_pro.xml] has finished in [571] ms
12-Jun-2025 17:35:53.064 INFO [http-nio-8080-exec-72] org.apache.catalina.startup.HostConfig.undeploy Repliegue (undeploy) de la aplicación web que tiene como trayectoria de contexto [/urban_pro]
12-Jun-2025 17:39:26.635 INFO [http-nio-8080-exec-82] org.apache.catalina.startup.HostConfig.deployDescriptor Desplieque del descriptor de configuración [D:\proyecto_final_helder_java-js\apache-tomcat-11.0.8-windows-x64\apache-tomcat-11.0.8\conf\Catalina\localhost\helder_proyect_final.xml]
12-Jun-2025 17:39:26.636 WARNING [http-nio-8080-exec-82] org.apache.catalina.startup.HostConfig.deployDescriptor The path attribute with value [/helder_proyect_final] in deployment descriptor [D:\proyecto_final_helder_java-js\apache-tomcat-11.0.8-windows-x64\apache-tomcat-11.0.8\conf\Catalina\localhost\helder_proyect_final.xml] has been ignored
12-Jun-2025 17:39:27.009 INFO [http-nio-8080-exec-82] org.apache.jasper.servlet.TldScanner.scanJars Al menos un JAR, que se ha explorado buscando TLDs, aún no contenía TLDs. Activar historial de depuración para este historiador para una completa lista de los JARs que fueron explorados y de los que nos se halló TLDs. Saltarse JARs no necesarios durante la exploración puede dar lugar a una mejora de tiempo significativa en el arranque y compilación de JSP .
12-Jun-2025 17:39:27.059 INFO [http-nio-8080-exec-82] org.apache.catalina.startup.HostConfig.deployDescriptor Deployment of deployment descriptor [D:\proyecto_final_helder_java-js\apache-tomcat-11.0.8-windows-x64\apache-tomcat-11.0.8\conf\Catalina\localhost\helder_proyect_final.xml] has finished in [423] ms
12-Jun-2025 17:39:27.061 INFO [http-nio-8080-exec-85] org.apache.catalina.util.LifecycleBase.start The start() method was called on component [StandardEngine[Catalina].StandardHost[localhost].StandardContext[/helder_proyect_final]] after start() had already been called. The second call will be ignored.
12-Jun-2025 17:40:53.395 INFO [http-nio-8080-exec-86] org.apache.catalina.startup.HostConfig.undeploy Repliegue (undeploy) de la aplicación web que tiene como trayectoria de contexto [/helder_proyect_final]
12-Jun-2025 17:40:53.402 INFO [http-nio-8080-exec-79] org.apache.catalina.startup.HostConfig.deployDescriptor Desplieque del descriptor de configuración [D:\proyecto_final_helder_java-js\apache-tomcat-11.0.8-windows-x64\apache-tomcat-11.0.8\conf\Catalina\localhost\helder.xml]
12-Jun-2025 17:40:53.404 WARNING [http-nio-8080-exec-79] org.apache.catalina.startup.HostConfig.deployDescriptor The path attribute with value [/helder] in deployment descriptor [D:\proyecto_final_helder_java-js\apache-tomcat-11.0.8-windows-x64\apache-tomcat-11.0.8\conf\Catalina\localhost\helder.xml] has been ignored
12-Jun-2025 17:40:53.768 INFO [http-nio-8080-exec-79] org.apache.jasper.servlet.TldScanner.scanJars Al menos un JAR, que se ha explorado buscando TLDs, aún no contenía TLDs. Activar historial de depuración para este historiador para una completa lista de los JARs que fueron explorados y de los que nos se halló TLDs. Saltarse JARs no necesarios durante la exploración puede dar lugar a una mejora de tiempo significativa en el arranque y compilación de JSP .
12-Jun-2025 17:40:53.825 INFO [http-nio-8080-exec-79] org.apache.catalina.startup.HostConfig.deployDescriptor Deployment of deployment descriptor [D:\proyecto_final_helder_java-js\apache-tomcat-11.0.8-windows-x64\apache-tomcat-11.0.8\conf\Catalina\localhost\helder.xml] has finished in [422] ms
12-Jun-2025 17:40:53.827 INFO [http-nio-8080-exec-84] org.apache.catalina.util.LifecycleBase.start The start() method was called on component [StandardEngine[Catalina].StandardHost[localhost].StandardContext[/helder]] after start() had already been called. The second call will be ignored.
12-Jun-2025 17:42:18.485 INFO [main] org.apache.catalina.core.StandardServer.await Se ha recibido un comando de apagado a través del puerto de apagado. Parando la instancia del Servidor.
12-Jun-2025 17:42:18.486 INFO [main] org.apache.coyote.AbstractProtocol.pause Pausing ProtocolHandler ["http-nio-8080"]
12-Jun-2025 17:42:18.491 INFO [main] org.apache.catalina.core.StandardService.stopInternal Parando servicio [Catalina]
12-Jun-2025 17:42:18.499 INFO [main] org.apache.coyote.AbstractProtocol.stop Stopping ProtocolHandler ["http-nio-8080"]
12-Jun-2025 17:42:18.512 INFO [main] org.apache.coyote.AbstractProtocol.destroy Destroying ProtocolHandler ["http-nio-8080"]
