18-Jun-2025 07:12:09.182 INFO [main] org.apache.catalina.core.ApplicationContext.log ContextListener: contextInitialized()
18-Jun-2025 07:12:09.183 INFO [main] org.apache.catalina.core.ApplicationContext.log SessionListener: contextInitialized()
18-Jun-2025 07:12:09.185 INFO [main] org.apache.catalina.core.ApplicationContext.log ContextListener: attributeAdded('StockTicker', 'async.Stockticker@2f2f92f')
18-Jun-2025 09:28:43.740 SEVERE [http-nio-8080-exec-26] org.apache.catalina.core.StandardWrapperValve.invoke El Servlet.service() para el servlet [config.ApplicationConfig] en el contexto con ruta [/helder] lanzó la excepción [jakarta.ws.rs.ProcessingException: Error deserializing object from entity stream.] con causa raíz
	jakarta.json.stream.JsonParsingException: Invalid token=CURLYCLOSE at (line no=6, column no=1, offset=69). Expected tokens are: [STRING]
		at org.eclipse.parsson.JsonParserImpl.parsingException(JsonParserImpl.java:464)
		at org.eclipse.parsson.JsonParserImpl.access$1100(JsonParserImpl.java:56)
		at org.eclipse.parsson.JsonParserImpl$ObjectContext.getNextEvent(JsonParserImpl.java:525)
		at org.eclipse.parsson.JsonParserImpl.next(JsonParserImpl.java:382)
		at org.eclipse.yasson.internal.deserializer.ObjectDeserializer.deserialize(ObjectDeserializer.java:63)
		at org.eclipse.yasson.internal.deserializer.ObjectDeserializer.deserialize(ObjectDeserializer.java:31)
		at org.eclipse.yasson.internal.deserializer.DefaultObjectInstanceCreator.deserialize(DefaultObjectInstanceCreator.java:57)
		at org.eclipse.yasson.internal.deserializer.DefaultObjectInstanceCreator.deserialize(DefaultObjectInstanceCreator.java:29)
		at org.eclipse.yasson.internal.deserializer.PositionChecker.deserialize(PositionChecker.java:85)
		at org.eclipse.yasson.internal.deserializer.PositionChecker.deserialize(PositionChecker.java:34)
		at org.eclipse.yasson.internal.deserializer.NullCheckDeserializer.deserialize(NullCheckDeserializer.java:46)
		at org.eclipse.yasson.internal.deserializer.NullCheckDeserializer.deserialize(NullCheckDeserializer.java:26)
		at org.eclipse.yasson.internal.DeserializationContextImpl.deserializeItem(DeserializationContextImpl.java:138)
		at org.eclipse.yasson.internal.DeserializationContextImpl.deserialize(DeserializationContextImpl.java:127)
		at org.eclipse.yasson.internal.JsonBinding.deserialize(JsonBinding.java:55)
		at org.eclipse.yasson.internal.JsonBinding.fromJson(JsonBinding.java:95)
		at org.glassfish.jersey.jsonb.internal.JsonBindingProvider.readFrom(JsonBindingProvider.java:84)
		at org.glassfish.jersey.message.internal.ReaderInterceptorExecutor$TerminalReaderInterceptor.invokeReadFrom(ReaderInterceptorExecutor.java:233)
		at org.glassfish.jersey.message.internal.ReaderInterceptorExecutor$TerminalReaderInterceptor.aroundReadFrom(ReaderInterceptorExecutor.java:212)
		at org.glassfish.jersey.message.internal.ReaderInterceptorExecutor.proceed(ReaderInterceptorExecutor.java:132)
		at org.glassfish.jersey.server.internal.MappableExceptionWrapperInterceptor.aroundReadFrom(MappableExceptionWrapperInterceptor.java:49)
		at org.glassfish.jersey.message.internal.ReaderInterceptorExecutor.proceed(ReaderInterceptorExecutor.java:132)
		at org.glassfish.jersey.message.internal.MessageBodyFactory.readFrom(MessageBodyFactory.java:1072)
		at org.glassfish.jersey.message.internal.InboundMessageContext.readEntity(InboundMessageContext.java:919)
		at org.glassfish.jersey.server.ContainerRequest.readEntity(ContainerRequest.java:290)
		at org.glassfish.jersey.server.internal.inject.EntityParamValueParamProvider$EntityValueSupplier.apply(EntityParamValueParamProvider.java:73)
		at org.glassfish.jersey.server.internal.inject.EntityParamValueParamProvider$EntityValueSupplier.apply(EntityParamValueParamProvider.java:56)
		at org.glassfish.jersey.server.spi.internal.ParamValueFactoryWithSource.apply(ParamValueFactoryWithSource.java:50)
		at org.glassfish.jersey.server.spi.internal.ParameterValueHelper.getParameterValues(ParameterValueHelper.java:68)
		at org.glassfish.jersey.server.model.internal.JavaResourceMethodDispatcherProvider$AbstractMethodParamInvoker.getParamValues(JavaResourceMethodDispatcherProvider.java:109)
		at org.glassfish.jersey.server.model.internal.JavaResourceMethodDispatcherProvider$ResponseOutInvoker.doDispatch(JavaResourceMethodDispatcherProvider.java:176)
		at org.glassfish.jersey.server.model.internal.AbstractJavaResourceMethodDispatcher.dispatch(AbstractJavaResourceMethodDispatcher.java:93)
		at org.glassfish.jersey.server.model.ResourceMethodInvoker.invoke(ResourceMethodInvoker.java:478)
		at org.glassfish.jersey.server.model.ResourceMethodInvoker.apply(ResourceMethodInvoker.java:400)
		at org.glassfish.jersey.server.model.ResourceMethodInvoker.apply(ResourceMethodInvoker.java:81)
		at org.glassfish.jersey.server.ServerRuntime$1.run(ServerRuntime.java:261)
		at org.glassfish.jersey.internal.Errors$1.call(Errors.java:248)
		at org.glassfish.jersey.internal.Errors$1.call(Errors.java:244)
		at org.glassfish.jersey.internal.Errors.process(Errors.java:292)
		at org.glassfish.jersey.internal.Errors.process(Errors.java:274)
		at org.glassfish.jersey.internal.Errors.process(Errors.java:244)
		at org.glassfish.jersey.process.internal.RequestScope.runInScope(RequestScope.java:265)
		at org.glassfish.jersey.server.ServerRuntime.process(ServerRuntime.java:240)
		at org.glassfish.jersey.server.ApplicationHandler.handle(ApplicationHandler.java:697)
		at org.glassfish.jersey.servlet.WebComponent.serviceImpl(WebComponent.java:394)
		at org.glassfish.jersey.servlet.WebComponent.service(WebComponent.java:346)
		at org.glassfish.jersey.servlet.ServletContainer.service(ServletContainer.java:357)
		at org.glassfish.jersey.servlet.ServletContainer.service(ServletContainer.java:311)
		at org.glassfish.jersey.servlet.ServletContainer.service(ServletContainer.java:205)
		at org.apache.catalina.core.ApplicationFilterChain.doFilter(ApplicationFilterChain.java:130)
		at org.apache.tomcat.websocket.server.WsFilter.doFilter(WsFilter.java:53)
		at org.apache.catalina.core.ApplicationFilterChain.doFilter(ApplicationFilterChain.java:109)
		at org.apache.catalina.core.StandardWrapperValve.invoke(StandardWrapperValve.java:167)
		at org.apache.catalina.core.StandardContextValve.invoke(StandardContextValve.java:79)
		at org.apache.catalina.authenticator.AuthenticatorBase.invoke(AuthenticatorBase.java:483)
		at org.apache.catalina.core.StandardHostValve.invoke(StandardHostValve.java:116)
		at org.apache.catalina.valves.ErrorReportValve.invoke(ErrorReportValve.java:93)
		at org.apache.catalina.valves.AbstractAccessLogValve.invoke(AbstractAccessLogValve.java:666)
		at org.apache.catalina.core.StandardEngineValve.invoke(StandardEngineValve.java:74)
		at org.apache.catalina.connector.CoyoteAdapter.service(CoyoteAdapter.java:343)
		at org.apache.coyote.http11.Http11Processor.service(Http11Processor.java:396)
		at org.apache.coyote.AbstractProcessorLight.process(AbstractProcessorLight.java:63)
		at org.apache.coyote.AbstractProtocol$ConnectionHandler.process(AbstractProtocol.java:903)
		at org.apache.tomcat.util.net.NioEndpoint$SocketProcessor.doRun(NioEndpoint.java:1773)
		at org.apache.tomcat.util.net.SocketProcessorBase.run(SocketProcessorBase.java:52)
		at org.apache.tomcat.util.threads.ThreadPoolExecutor.runWorker(ThreadPoolExecutor.java:1149)
		at org.apache.tomcat.util.threads.ThreadPoolExecutor$Worker.run(ThreadPoolExecutor.java:637)
		at org.apache.tomcat.util.threads.TaskThread$WrappingRunnable.run(TaskThread.java:59)
		at java.base/java.lang.Thread.run(Thread.java:1570)
18-Jun-2025 11:59:22.079 INFO [main] org.apache.catalina.core.ApplicationContext.log SessionListener: contextDestroyed()
18-Jun-2025 11:59:22.079 INFO [main] org.apache.catalina.core.ApplicationContext.log ContextListener: contextDestroyed()
