12-Jun-2025 14:55:07.164 INFO [main] org.apache.catalina.core.ApplicationContext.log ContextListener: contextInitialized()
12-Jun-2025 14:55:07.164 INFO [main] org.apache.catalina.core.ApplicationContext.log SessionListener: contextInitialized()
12-Jun-2025 14:55:07.167 INFO [main] org.apache.catalina.core.ApplicationContext.log ContextListener: attributeAdded('StockTicker', 'async.Stockticker@5ab14cb9')
12-Jun-2025 15:39:32.942 INFO [main] org.apache.catalina.core.ApplicationContext.log SessionListener: contextDestroyed()
12-Jun-2025 15:39:32.943 INFO [main] org.apache.catalina.core.ApplicationContext.log ContextListener: contextDestroyed()
12-Jun-2025 15:47:48.824 INFO [main] org.apache.catalina.core.ApplicationContext.log ContextListener: contextInitialized()
12-Jun-2025 15:47:48.824 INFO [main] org.apache.catalina.core.ApplicationContext.log SessionListener: contextInitialized()
12-Jun-2025 15:47:48.826 INFO [main] org.apache.catalina.core.ApplicationContext.log ContextListener: attributeAdded('StockTicker', 'async.Stockticker@61861a29')
12-Jun-2025 17:26:25.927 INFO [Catalina-utility-1] org.apache.catalina.core.ApplicationContext.log Marcando el servlet [JerseyServlet] como no disponible
12-Jun-2025 17:26:25.927 SEVERE [Catalina-utility-1] org.apache.catalina.core.StandardContext.loadOnStartup Servlet [JerseyServlet] in web application [/helder] threw load() exception
	java.lang.ClassNotFoundException: org.glassfish.jersey.servlet.ServletContainer
		at org.apache.catalina.loader.WebappClassLoaderBase.loadClass(WebappClassLoaderBase.java:1228)
		at org.apache.catalina.loader.WebappClassLoaderBase.loadClass(WebappClassLoaderBase.java:1059)
		at org.apache.catalina.core.DefaultInstanceManager.loadClass(DefaultInstanceManager.java:474)
		at org.apache.catalina.core.DefaultInstanceManager.loadClassMaybePrivileged(DefaultInstanceManager.java:457)
		at org.apache.catalina.core.DefaultInstanceManager.newInstance(DefaultInstanceManager.java:139)
		at org.apache.catalina.core.StandardWrapper.loadServlet(StandardWrapper.java:756)
		at org.apache.catalina.core.StandardWrapper.load(StandardWrapper.java:696)
		at org.apache.catalina.core.StandardContext.loadOnStartup(StandardContext.java:4189)
		at org.apache.catalina.core.StandardContext.startInternal(StandardContext.java:4472)
		at org.apache.catalina.util.LifecycleBase.start(LifecycleBase.java:164)
		at org.apache.catalina.core.StandardContext.reload(StandardContext.java:3236)
		at org.apache.catalina.startup.HostConfig.reload(HostConfig.java:1417)
		at org.apache.catalina.startup.HostConfig.checkResources(HostConfig.java:1392)
		at org.apache.catalina.startup.HostConfig.check(HostConfig.java:1618)
		at org.apache.catalina.startup.HostConfig.lifecycleEvent(HostConfig.java:263)
		at org.apache.catalina.util.LifecycleBase.fireLifecycleEvent(LifecycleBase.java:109)
		at org.apache.catalina.core.ContainerBase.backgroundProcess(ContainerBase.java:940)
		at org.apache.catalina.core.ContainerBase$ContainerBackgroundProcessor.processChildren(ContainerBase.java:1139)
		at org.apache.catalina.core.ContainerBase$ContainerBackgroundProcessor.processChildren(ContainerBase.java:1143)
		at org.apache.catalina.core.ContainerBase$ContainerBackgroundProcessor.run(ContainerBase.java:1121)
		at java.base/java.util.concurrent.Executors$RunnableAdapter.call(Executors.java:572)
		at java.base/java.util.concurrent.FutureTask.runAndReset(FutureTask.java:358)
		at java.base/java.util.concurrent.ScheduledThreadPoolExecutor$ScheduledFutureTask.run(ScheduledThreadPoolExecutor.java:305)
		at java.base/java.util.concurrent.ThreadPoolExecutor.runWorker(ThreadPoolExecutor.java:1144)
		at java.base/java.util.concurrent.ThreadPoolExecutor$Worker.run(ThreadPoolExecutor.java:642)
		at org.apache.tomcat.util.threads.TaskThread$WrappingRunnable.run(TaskThread.java:59)
		at java.base/java.lang.Thread.run(Thread.java:1570)
12-Jun-2025 17:34:56.036 SEVERE [http-nio-8080-exec-62] org.apache.catalina.core.ApplicationContext.log Servlet.init() para servlet [JerseyServlet] lanzó excepción
	java.lang.IllegalStateException: InjectionManagerFactory not found.
		at org.glassfish.jersey.internal.inject.Injections.lambda$lookupInjectionManagerFactory$0(Injections.java:86)
		at java.base/java.util.Optional.orElseThrow(Optional.java:403)
		at org.glassfish.jersey.internal.inject.Injections.lookupInjectionManagerFactory(Injections.java:86)
		at org.glassfish.jersey.internal.inject.Injections.createInjectionManager(Injections.java:81)
		at org.glassfish.jersey.server.ApplicationHandler.<init>(ApplicationHandler.java:274)
		at org.glassfish.jersey.servlet.WebComponent.<init>(WebComponent.java:311)
		at org.glassfish.jersey.servlet.ServletContainer.init(ServletContainer.java:154)
		at org.glassfish.jersey.servlet.ServletContainer.init(ServletContainer.java:338)
		at jakarta.servlet.GenericServlet.init(GenericServlet.java:145)
		at jakarta.servlet.http.HttpServlet.init(HttpServlet.java:124)
		at org.apache.catalina.core.StandardWrapper.initServlet(StandardWrapper.java:822)
		at org.apache.catalina.core.StandardWrapper.loadServlet(StandardWrapper.java:792)
		at org.apache.catalina.core.StandardWrapper.load(StandardWrapper.java:696)
		at org.apache.catalina.core.StandardContext.loadOnStartup(StandardContext.java:4189)
		at org.apache.catalina.core.StandardContext.startInternal(StandardContext.java:4472)
		at org.apache.catalina.util.LifecycleBase.start(LifecycleBase.java:164)
		at org.apache.catalina.core.ContainerBase.addChild(ContainerBase.java:566)
		at org.apache.catalina.core.StandardHost.addChild(StandardHost.java:652)
		at org.apache.catalina.startup.HostConfig.deployDescriptor(HostConfig.java:593)
		at org.apache.catalina.startup.HostConfig.deployApps(HostConfig.java:442)
		at org.apache.catalina.startup.HostConfig.check(HostConfig.java:1656)
		at java.base/jdk.internal.reflect.DirectMethodHandleAccessor.invoke(DirectMethodHandleAccessor.java:103)
		at java.base/java.lang.reflect.Method.invoke(Method.java:580)
		at org.apache.tomcat.util.modeler.BaseModelMBean.invoke(BaseModelMBean.java:252)
		at java.management/com.sun.jmx.interceptor.DefaultMBeanServerInterceptor.invoke(DefaultMBeanServerInterceptor.java:803)
		at java.management/com.sun.jmx.mbeanserver.JmxMBeanServer.invoke(JmxMBeanServer.java:802)
		at org.apache.catalina.manager.ManagerServlet.check(ManagerServlet.java:1451)
		at org.apache.catalina.manager.ManagerServlet.deploy(ManagerServlet.java:945)
		at org.apache.catalina.manager.ManagerServlet.doGet(ManagerServlet.java:310)
		at jakarta.servlet.http.HttpServlet.service(HttpServlet.java:622)
		at jakarta.servlet.http.HttpServlet.service(HttpServlet.java:710)
		at org.apache.catalina.core.ApplicationFilterChain.doFilter(ApplicationFilterChain.java:130)
		at org.apache.tomcat.websocket.server.WsFilter.doFilter(WsFilter.java:53)
		at org.apache.catalina.core.ApplicationFilterChain.doFilter(ApplicationFilterChain.java:109)
		at org.apache.catalina.filters.HttpHeaderSecurityFilter.doFilter(HttpHeaderSecurityFilter.java:114)
		at org.apache.catalina.core.ApplicationFilterChain.doFilter(ApplicationFilterChain.java:109)
		at org.apache.catalina.core.StandardWrapperValve.invoke(StandardWrapperValve.java:167)
		at org.apache.catalina.core.StandardContextValve.invoke(StandardContextValve.java:79)
		at org.apache.catalina.authenticator.AuthenticatorBase.invoke(AuthenticatorBase.java:598)
		at org.apache.catalina.valves.RequestFilterValve.process(RequestFilterValve.java:354)
		at org.apache.catalina.valves.RemoteAddrValve.invoke(RemoteAddrValve.java:54)
		at org.apache.catalina.core.StandardHostValve.invoke(StandardHostValve.java:116)
		at org.apache.catalina.valves.ErrorReportValve.invoke(ErrorReportValve.java:93)
		at org.apache.catalina.valves.AbstractAccessLogValve.invoke(AbstractAccessLogValve.java:666)
		at org.apache.catalina.core.StandardEngineValve.invoke(StandardEngineValve.java:74)
		at org.apache.catalina.connector.CoyoteAdapter.service(CoyoteAdapter.java:343)
		at org.apache.coyote.http11.Http11Processor.service(Http11Processor.java:396)
		at org.apache.coyote.AbstractProcessorLight.process(AbstractProcessorLight.java:63)
		at org.apache.coyote.AbstractProtocol$ConnectionHandler.process(AbstractProtocol.java:903)
		at org.apache.tomcat.util.net.NioEndpoint$SocketProcessor.doRun(NioEndpoint.java:1773)
		at org.apache.tomcat.util.net.SocketProcessorBase.run(SocketProcessorBase.java:52)
		at org.apache.tomcat.util.threads.ThreadPoolExecutor.runWorker(ThreadPoolExecutor.java:1149)
		at org.apache.tomcat.util.threads.ThreadPoolExecutor$Worker.run(ThreadPoolExecutor.java:637)
		at org.apache.tomcat.util.threads.TaskThread$WrappingRunnable.run(TaskThread.java:59)
		at java.base/java.lang.Thread.run(Thread.java:1570)
12-Jun-2025 17:34:56.036 SEVERE [http-nio-8080-exec-62] org.apache.catalina.core.StandardContext.loadOnStartup Servlet [JerseyServlet] in web application [/urban_pro] threw load() exception
	java.lang.IllegalStateException: InjectionManagerFactory not found.
		at org.glassfish.jersey.internal.inject.Injections.lambda$lookupInjectionManagerFactory$0(Injections.java:86)
		at java.base/java.util.Optional.orElseThrow(Optional.java:403)
		at org.glassfish.jersey.internal.inject.Injections.lookupInjectionManagerFactory(Injections.java:86)
		at org.glassfish.jersey.internal.inject.Injections.createInjectionManager(Injections.java:81)
		at org.glassfish.jersey.server.ApplicationHandler.<init>(ApplicationHandler.java:274)
		at org.glassfish.jersey.servlet.WebComponent.<init>(WebComponent.java:311)
		at org.glassfish.jersey.servlet.ServletContainer.init(ServletContainer.java:154)
		at org.glassfish.jersey.servlet.ServletContainer.init(ServletContainer.java:338)
		at jakarta.servlet.GenericServlet.init(GenericServlet.java:145)
		at jakarta.servlet.http.HttpServlet.init(HttpServlet.java:124)
		at org.apache.catalina.core.StandardWrapper.initServlet(StandardWrapper.java:822)
		at org.apache.catalina.core.StandardWrapper.loadServlet(StandardWrapper.java:792)
		at org.apache.catalina.core.StandardWrapper.load(StandardWrapper.java:696)
		at org.apache.catalina.core.StandardContext.loadOnStartup(StandardContext.java:4189)
		at org.apache.catalina.core.StandardContext.startInternal(StandardContext.java:4472)
		at org.apache.catalina.util.LifecycleBase.start(LifecycleBase.java:164)
		at org.apache.catalina.core.ContainerBase.addChild(ContainerBase.java:566)
		at org.apache.catalina.core.StandardHost.addChild(StandardHost.java:652)
		at org.apache.catalina.startup.HostConfig.deployDescriptor(HostConfig.java:593)
		at org.apache.catalina.startup.HostConfig.deployApps(HostConfig.java:442)
		at org.apache.catalina.startup.HostConfig.check(HostConfig.java:1656)
		at java.base/jdk.internal.reflect.DirectMethodHandleAccessor.invoke(DirectMethodHandleAccessor.java:103)
		at java.base/java.lang.reflect.Method.invoke(Method.java:580)
		at org.apache.tomcat.util.modeler.BaseModelMBean.invoke(BaseModelMBean.java:252)
		at java.management/com.sun.jmx.interceptor.DefaultMBeanServerInterceptor.invoke(DefaultMBeanServerInterceptor.java:803)
		at java.management/com.sun.jmx.mbeanserver.JmxMBeanServer.invoke(JmxMBeanServer.java:802)
		at org.apache.catalina.manager.ManagerServlet.check(ManagerServlet.java:1451)
		at org.apache.catalina.manager.ManagerServlet.deploy(ManagerServlet.java:945)
		at org.apache.catalina.manager.ManagerServlet.doGet(ManagerServlet.java:310)
		at jakarta.servlet.http.HttpServlet.service(HttpServlet.java:622)
		at jakarta.servlet.http.HttpServlet.service(HttpServlet.java:710)
		at org.apache.catalina.core.ApplicationFilterChain.doFilter(ApplicationFilterChain.java:130)
		at org.apache.tomcat.websocket.server.WsFilter.doFilter(WsFilter.java:53)
		at org.apache.catalina.core.ApplicationFilterChain.doFilter(ApplicationFilterChain.java:109)
		at org.apache.catalina.filters.HttpHeaderSecurityFilter.doFilter(HttpHeaderSecurityFilter.java:114)
		at org.apache.catalina.core.ApplicationFilterChain.doFilter(ApplicationFilterChain.java:109)
		at org.apache.catalina.core.StandardWrapperValve.invoke(StandardWrapperValve.java:167)
		at org.apache.catalina.core.StandardContextValve.invoke(StandardContextValve.java:79)
		at org.apache.catalina.authenticator.AuthenticatorBase.invoke(AuthenticatorBase.java:598)
		at org.apache.catalina.valves.RequestFilterValve.process(RequestFilterValve.java:354)
		at org.apache.catalina.valves.RemoteAddrValve.invoke(RemoteAddrValve.java:54)
		at org.apache.catalina.core.StandardHostValve.invoke(StandardHostValve.java:116)
		at org.apache.catalina.valves.ErrorReportValve.invoke(ErrorReportValve.java:93)
		at org.apache.catalina.valves.AbstractAccessLogValve.invoke(AbstractAccessLogValve.java:666)
		at org.apache.catalina.core.StandardEngineValve.invoke(StandardEngineValve.java:74)
		at org.apache.catalina.connector.CoyoteAdapter.service(CoyoteAdapter.java:343)
		at org.apache.coyote.http11.Http11Processor.service(Http11Processor.java:396)
		at org.apache.coyote.AbstractProcessorLight.process(AbstractProcessorLight.java:63)
		at org.apache.coyote.AbstractProtocol$ConnectionHandler.process(AbstractProtocol.java:903)
		at org.apache.tomcat.util.net.NioEndpoint$SocketProcessor.doRun(NioEndpoint.java:1773)
		at org.apache.tomcat.util.net.SocketProcessorBase.run(SocketProcessorBase.java:52)
		at org.apache.tomcat.util.threads.ThreadPoolExecutor.runWorker(ThreadPoolExecutor.java:1149)
		at org.apache.tomcat.util.threads.ThreadPoolExecutor$Worker.run(ThreadPoolExecutor.java:637)
		at org.apache.tomcat.util.threads.TaskThread$WrappingRunnable.run(TaskThread.java:59)
		at java.base/java.lang.Thread.run(Thread.java:1570)
12-Jun-2025 17:34:56.036 SEVERE [http-nio-8080-exec-62] org.apache.catalina.core.ApplicationContext.log Servlet.init() para servlet [com.mycompany.helder_proyect_java.JakartaRestConfiguration] lanzó excepción
	java.lang.IllegalStateException: InjectionManagerFactory not found.
		at org.glassfish.jersey.internal.inject.Injections.lambda$lookupInjectionManagerFactory$0(Injections.java:86)
		at java.base/java.util.Optional.orElseThrow(Optional.java:403)
		at org.glassfish.jersey.internal.inject.Injections.lookupInjectionManagerFactory(Injections.java:86)
		at org.glassfish.jersey.internal.inject.Injections.createInjectionManager(Injections.java:81)
		at org.glassfish.jersey.server.ApplicationHandler.<init>(ApplicationHandler.java:274)
		at org.glassfish.jersey.servlet.WebComponent.<init>(WebComponent.java:311)
		at org.glassfish.jersey.servlet.ServletContainer.init(ServletContainer.java:154)
		at org.glassfish.jersey.servlet.ServletContainer.init(ServletContainer.java:338)
		at jakarta.servlet.GenericServlet.init(GenericServlet.java:145)
		at jakarta.servlet.http.HttpServlet.init(HttpServlet.java:124)
		at org.apache.catalina.core.StandardWrapper.initServlet(StandardWrapper.java:822)
		at org.apache.catalina.core.StandardWrapper.load(StandardWrapper.java:699)
		at org.apache.catalina.core.StandardContext.loadOnStartup(StandardContext.java:4189)
		at org.apache.catalina.core.StandardContext.startInternal(StandardContext.java:4472)
		at org.apache.catalina.util.LifecycleBase.start(LifecycleBase.java:164)
		at org.apache.catalina.core.ContainerBase.addChild(ContainerBase.java:566)
		at org.apache.catalina.core.StandardHost.addChild(StandardHost.java:652)
		at org.apache.catalina.startup.HostConfig.deployDescriptor(HostConfig.java:593)
		at org.apache.catalina.startup.HostConfig.deployApps(HostConfig.java:442)
		at org.apache.catalina.startup.HostConfig.check(HostConfig.java:1656)
		at java.base/jdk.internal.reflect.DirectMethodHandleAccessor.invoke(DirectMethodHandleAccessor.java:103)
		at java.base/java.lang.reflect.Method.invoke(Method.java:580)
		at org.apache.tomcat.util.modeler.BaseModelMBean.invoke(BaseModelMBean.java:252)
		at java.management/com.sun.jmx.interceptor.DefaultMBeanServerInterceptor.invoke(DefaultMBeanServerInterceptor.java:803)
		at java.management/com.sun.jmx.mbeanserver.JmxMBeanServer.invoke(JmxMBeanServer.java:802)
		at org.apache.catalina.manager.ManagerServlet.check(ManagerServlet.java:1451)
		at org.apache.catalina.manager.ManagerServlet.deploy(ManagerServlet.java:945)
		at org.apache.catalina.manager.ManagerServlet.doGet(ManagerServlet.java:310)
		at jakarta.servlet.http.HttpServlet.service(HttpServlet.java:622)
		at jakarta.servlet.http.HttpServlet.service(HttpServlet.java:710)
		at org.apache.catalina.core.ApplicationFilterChain.doFilter(ApplicationFilterChain.java:130)
		at org.apache.tomcat.websocket.server.WsFilter.doFilter(WsFilter.java:53)
		at org.apache.catalina.core.ApplicationFilterChain.doFilter(ApplicationFilterChain.java:109)
		at org.apache.catalina.filters.HttpHeaderSecurityFilter.doFilter(HttpHeaderSecurityFilter.java:114)
		at org.apache.catalina.core.ApplicationFilterChain.doFilter(ApplicationFilterChain.java:109)
		at org.apache.catalina.core.StandardWrapperValve.invoke(StandardWrapperValve.java:167)
		at org.apache.catalina.core.StandardContextValve.invoke(StandardContextValve.java:79)
		at org.apache.catalina.authenticator.AuthenticatorBase.invoke(AuthenticatorBase.java:598)
		at org.apache.catalina.valves.RequestFilterValve.process(RequestFilterValve.java:354)
		at org.apache.catalina.valves.RemoteAddrValve.invoke(RemoteAddrValve.java:54)
		at org.apache.catalina.core.StandardHostValve.invoke(StandardHostValve.java:116)
		at org.apache.catalina.valves.ErrorReportValve.invoke(ErrorReportValve.java:93)
		at org.apache.catalina.valves.AbstractAccessLogValve.invoke(AbstractAccessLogValve.java:666)
		at org.apache.catalina.core.StandardEngineValve.invoke(StandardEngineValve.java:74)
		at org.apache.catalina.connector.CoyoteAdapter.service(CoyoteAdapter.java:343)
		at org.apache.coyote.http11.Http11Processor.service(Http11Processor.java:396)
		at org.apache.coyote.AbstractProcessorLight.process(AbstractProcessorLight.java:63)
		at org.apache.coyote.AbstractProtocol$ConnectionHandler.process(AbstractProtocol.java:903)
		at org.apache.tomcat.util.net.NioEndpoint$SocketProcessor.doRun(NioEndpoint.java:1773)
		at org.apache.tomcat.util.net.SocketProcessorBase.run(SocketProcessorBase.java:52)
		at org.apache.tomcat.util.threads.ThreadPoolExecutor.runWorker(ThreadPoolExecutor.java:1149)
		at org.apache.tomcat.util.threads.ThreadPoolExecutor$Worker.run(ThreadPoolExecutor.java:637)
		at org.apache.tomcat.util.threads.TaskThread$WrappingRunnable.run(TaskThread.java:59)
		at java.base/java.lang.Thread.run(Thread.java:1570)
12-Jun-2025 17:34:56.036 SEVERE [http-nio-8080-exec-62] org.apache.catalina.core.StandardContext.loadOnStartup Servlet [com.mycompany.helder_proyect_java.JakartaRestConfiguration] in web application [/urban_pro] threw load() exception
	java.lang.IllegalStateException: InjectionManagerFactory not found.
		at org.glassfish.jersey.internal.inject.Injections.lambda$lookupInjectionManagerFactory$0(Injections.java:86)
		at java.base/java.util.Optional.orElseThrow(Optional.java:403)
		at org.glassfish.jersey.internal.inject.Injections.lookupInjectionManagerFactory(Injections.java:86)
		at org.glassfish.jersey.internal.inject.Injections.createInjectionManager(Injections.java:81)
		at org.glassfish.jersey.server.ApplicationHandler.<init>(ApplicationHandler.java:274)
		at org.glassfish.jersey.servlet.WebComponent.<init>(WebComponent.java:311)
		at org.glassfish.jersey.servlet.ServletContainer.init(ServletContainer.java:154)
		at org.glassfish.jersey.servlet.ServletContainer.init(ServletContainer.java:338)
		at jakarta.servlet.GenericServlet.init(GenericServlet.java:145)
		at jakarta.servlet.http.HttpServlet.init(HttpServlet.java:124)
		at org.apache.catalina.core.StandardWrapper.initServlet(StandardWrapper.java:822)
		at org.apache.catalina.core.StandardWrapper.load(StandardWrapper.java:699)
		at org.apache.catalina.core.StandardContext.loadOnStartup(StandardContext.java:4189)
		at org.apache.catalina.core.StandardContext.startInternal(StandardContext.java:4472)
		at org.apache.catalina.util.LifecycleBase.start(LifecycleBase.java:164)
		at org.apache.catalina.core.ContainerBase.addChild(ContainerBase.java:566)
		at org.apache.catalina.core.StandardHost.addChild(StandardHost.java:652)
		at org.apache.catalina.startup.HostConfig.deployDescriptor(HostConfig.java:593)
		at org.apache.catalina.startup.HostConfig.deployApps(HostConfig.java:442)
		at org.apache.catalina.startup.HostConfig.check(HostConfig.java:1656)
		at java.base/jdk.internal.reflect.DirectMethodHandleAccessor.invoke(DirectMethodHandleAccessor.java:103)
		at java.base/java.lang.reflect.Method.invoke(Method.java:580)
		at org.apache.tomcat.util.modeler.BaseModelMBean.invoke(BaseModelMBean.java:252)
		at java.management/com.sun.jmx.interceptor.DefaultMBeanServerInterceptor.invoke(DefaultMBeanServerInterceptor.java:803)
		at java.management/com.sun.jmx.mbeanserver.JmxMBeanServer.invoke(JmxMBeanServer.java:802)
		at org.apache.catalina.manager.ManagerServlet.check(ManagerServlet.java:1451)
		at org.apache.catalina.manager.ManagerServlet.deploy(ManagerServlet.java:945)
		at org.apache.catalina.manager.ManagerServlet.doGet(ManagerServlet.java:310)
		at jakarta.servlet.http.HttpServlet.service(HttpServlet.java:622)
		at jakarta.servlet.http.HttpServlet.service(HttpServlet.java:710)
		at org.apache.catalina.core.ApplicationFilterChain.doFilter(ApplicationFilterChain.java:130)
		at org.apache.tomcat.websocket.server.WsFilter.doFilter(WsFilter.java:53)
		at org.apache.catalina.core.ApplicationFilterChain.doFilter(ApplicationFilterChain.java:109)
		at org.apache.catalina.filters.HttpHeaderSecurityFilter.doFilter(HttpHeaderSecurityFilter.java:114)
		at org.apache.catalina.core.ApplicationFilterChain.doFilter(ApplicationFilterChain.java:109)
		at org.apache.catalina.core.StandardWrapperValve.invoke(StandardWrapperValve.java:167)
		at org.apache.catalina.core.StandardContextValve.invoke(StandardContextValve.java:79)
		at org.apache.catalina.authenticator.AuthenticatorBase.invoke(AuthenticatorBase.java:598)
		at org.apache.catalina.valves.RequestFilterValve.process(RequestFilterValve.java:354)
		at org.apache.catalina.valves.RemoteAddrValve.invoke(RemoteAddrValve.java:54)
		at org.apache.catalina.core.StandardHostValve.invoke(StandardHostValve.java:116)
		at org.apache.catalina.valves.ErrorReportValve.invoke(ErrorReportValve.java:93)
		at org.apache.catalina.valves.AbstractAccessLogValve.invoke(AbstractAccessLogValve.java:666)
		at org.apache.catalina.core.StandardEngineValve.invoke(StandardEngineValve.java:74)
		at org.apache.catalina.connector.CoyoteAdapter.service(CoyoteAdapter.java:343)
		at org.apache.coyote.http11.Http11Processor.service(Http11Processor.java:396)
		at org.apache.coyote.AbstractProcessorLight.process(AbstractProcessorLight.java:63)
		at org.apache.coyote.AbstractProtocol$ConnectionHandler.process(AbstractProtocol.java:903)
		at org.apache.tomcat.util.net.NioEndpoint$SocketProcessor.doRun(NioEndpoint.java:1773)
		at org.apache.tomcat.util.net.SocketProcessorBase.run(SocketProcessorBase.java:52)
		at org.apache.tomcat.util.threads.ThreadPoolExecutor.runWorker(ThreadPoolExecutor.java:1149)
		at org.apache.tomcat.util.threads.ThreadPoolExecutor$Worker.run(ThreadPoolExecutor.java:637)
		at org.apache.tomcat.util.threads.TaskThread$WrappingRunnable.run(TaskThread.java:59)
		at java.base/java.lang.Thread.run(Thread.java:1570)
12-Jun-2025 17:35:52.547 SEVERE [http-nio-8080-exec-71] org.apache.catalina.core.ApplicationContext.log Servlet.init() para servlet [JerseyServlet] lanzó excepción
	java.lang.IllegalStateException: InjectionManagerFactory not found.
		at org.glassfish.jersey.internal.inject.Injections.lambda$lookupInjectionManagerFactory$0(Injections.java:86)
		at java.base/java.util.Optional.orElseThrow(Optional.java:403)
		at org.glassfish.jersey.internal.inject.Injections.lookupInjectionManagerFactory(Injections.java:86)
		at org.glassfish.jersey.internal.inject.Injections.createInjectionManager(Injections.java:81)
		at org.glassfish.jersey.server.ApplicationHandler.<init>(ApplicationHandler.java:274)
		at org.glassfish.jersey.servlet.WebComponent.<init>(WebComponent.java:311)
		at org.glassfish.jersey.servlet.ServletContainer.init(ServletContainer.java:154)
		at org.glassfish.jersey.servlet.ServletContainer.init(ServletContainer.java:338)
		at jakarta.servlet.GenericServlet.init(GenericServlet.java:145)
		at jakarta.servlet.http.HttpServlet.init(HttpServlet.java:124)
		at org.apache.catalina.core.StandardWrapper.initServlet(StandardWrapper.java:822)
		at org.apache.catalina.core.StandardWrapper.loadServlet(StandardWrapper.java:792)
		at org.apache.catalina.core.StandardWrapper.load(StandardWrapper.java:696)
		at org.apache.catalina.core.StandardContext.loadOnStartup(StandardContext.java:4189)
		at org.apache.catalina.core.StandardContext.startInternal(StandardContext.java:4472)
		at org.apache.catalina.util.LifecycleBase.start(LifecycleBase.java:164)
		at org.apache.catalina.core.ContainerBase.addChild(ContainerBase.java:566)
		at org.apache.catalina.core.StandardHost.addChild(StandardHost.java:652)
		at org.apache.catalina.startup.HostConfig.deployDescriptor(HostConfig.java:593)
		at org.apache.catalina.startup.HostConfig.deployApps(HostConfig.java:442)
		at org.apache.catalina.startup.HostConfig.check(HostConfig.java:1656)
		at java.base/jdk.internal.reflect.DirectMethodHandleAccessor.invoke(DirectMethodHandleAccessor.java:103)
		at java.base/java.lang.reflect.Method.invoke(Method.java:580)
		at org.apache.tomcat.util.modeler.BaseModelMBean.invoke(BaseModelMBean.java:252)
		at java.management/com.sun.jmx.interceptor.DefaultMBeanServerInterceptor.invoke(DefaultMBeanServerInterceptor.java:803)
		at java.management/com.sun.jmx.mbeanserver.JmxMBeanServer.invoke(JmxMBeanServer.java:802)
		at org.apache.catalina.manager.ManagerServlet.check(ManagerServlet.java:1451)
		at org.apache.catalina.manager.ManagerServlet.deploy(ManagerServlet.java:945)
		at org.apache.catalina.manager.ManagerServlet.doGet(ManagerServlet.java:310)
		at jakarta.servlet.http.HttpServlet.service(HttpServlet.java:622)
		at jakarta.servlet.http.HttpServlet.service(HttpServlet.java:710)
		at org.apache.catalina.core.ApplicationFilterChain.doFilter(ApplicationFilterChain.java:130)
		at org.apache.tomcat.websocket.server.WsFilter.doFilter(WsFilter.java:53)
		at org.apache.catalina.core.ApplicationFilterChain.doFilter(ApplicationFilterChain.java:109)
		at org.apache.catalina.filters.HttpHeaderSecurityFilter.doFilter(HttpHeaderSecurityFilter.java:114)
		at org.apache.catalina.core.ApplicationFilterChain.doFilter(ApplicationFilterChain.java:109)
		at org.apache.catalina.core.StandardWrapperValve.invoke(StandardWrapperValve.java:167)
		at org.apache.catalina.core.StandardContextValve.invoke(StandardContextValve.java:79)
		at org.apache.catalina.authenticator.AuthenticatorBase.invoke(AuthenticatorBase.java:598)
		at org.apache.catalina.valves.RequestFilterValve.process(RequestFilterValve.java:354)
		at org.apache.catalina.valves.RemoteAddrValve.invoke(RemoteAddrValve.java:54)
		at org.apache.catalina.core.StandardHostValve.invoke(StandardHostValve.java:116)
		at org.apache.catalina.valves.ErrorReportValve.invoke(ErrorReportValve.java:93)
		at org.apache.catalina.valves.AbstractAccessLogValve.invoke(AbstractAccessLogValve.java:666)
		at org.apache.catalina.core.StandardEngineValve.invoke(StandardEngineValve.java:74)
		at org.apache.catalina.connector.CoyoteAdapter.service(CoyoteAdapter.java:343)
		at org.apache.coyote.http11.Http11Processor.service(Http11Processor.java:396)
		at org.apache.coyote.AbstractProcessorLight.process(AbstractProcessorLight.java:63)
		at org.apache.coyote.AbstractProtocol$ConnectionHandler.process(AbstractProtocol.java:903)
		at org.apache.tomcat.util.net.NioEndpoint$SocketProcessor.doRun(NioEndpoint.java:1773)
		at org.apache.tomcat.util.net.SocketProcessorBase.run(SocketProcessorBase.java:52)
		at org.apache.tomcat.util.threads.ThreadPoolExecutor.runWorker(ThreadPoolExecutor.java:1149)
		at org.apache.tomcat.util.threads.ThreadPoolExecutor$Worker.run(ThreadPoolExecutor.java:637)
		at org.apache.tomcat.util.threads.TaskThread$WrappingRunnable.run(TaskThread.java:59)
		at java.base/java.lang.Thread.run(Thread.java:1570)
12-Jun-2025 17:35:52.547 SEVERE [http-nio-8080-exec-71] org.apache.catalina.core.StandardContext.loadOnStartup Servlet [JerseyServlet] in web application [/urban_pro] threw load() exception
	java.lang.IllegalStateException: InjectionManagerFactory not found.
		at org.glassfish.jersey.internal.inject.Injections.lambda$lookupInjectionManagerFactory$0(Injections.java:86)
		at java.base/java.util.Optional.orElseThrow(Optional.java:403)
		at org.glassfish.jersey.internal.inject.Injections.lookupInjectionManagerFactory(Injections.java:86)
		at org.glassfish.jersey.internal.inject.Injections.createInjectionManager(Injections.java:81)
		at org.glassfish.jersey.server.ApplicationHandler.<init>(ApplicationHandler.java:274)
		at org.glassfish.jersey.servlet.WebComponent.<init>(WebComponent.java:311)
		at org.glassfish.jersey.servlet.ServletContainer.init(ServletContainer.java:154)
		at org.glassfish.jersey.servlet.ServletContainer.init(ServletContainer.java:338)
		at jakarta.servlet.GenericServlet.init(GenericServlet.java:145)
		at jakarta.servlet.http.HttpServlet.init(HttpServlet.java:124)
		at org.apache.catalina.core.StandardWrapper.initServlet(StandardWrapper.java:822)
		at org.apache.catalina.core.StandardWrapper.loadServlet(StandardWrapper.java:792)
		at org.apache.catalina.core.StandardWrapper.load(StandardWrapper.java:696)
		at org.apache.catalina.core.StandardContext.loadOnStartup(StandardContext.java:4189)
		at org.apache.catalina.core.StandardContext.startInternal(StandardContext.java:4472)
		at org.apache.catalina.util.LifecycleBase.start(LifecycleBase.java:164)
		at org.apache.catalina.core.ContainerBase.addChild(ContainerBase.java:566)
		at org.apache.catalina.core.StandardHost.addChild(StandardHost.java:652)
		at org.apache.catalina.startup.HostConfig.deployDescriptor(HostConfig.java:593)
		at org.apache.catalina.startup.HostConfig.deployApps(HostConfig.java:442)
		at org.apache.catalina.startup.HostConfig.check(HostConfig.java:1656)
		at java.base/jdk.internal.reflect.DirectMethodHandleAccessor.invoke(DirectMethodHandleAccessor.java:103)
		at java.base/java.lang.reflect.Method.invoke(Method.java:580)
		at org.apache.tomcat.util.modeler.BaseModelMBean.invoke(BaseModelMBean.java:252)
		at java.management/com.sun.jmx.interceptor.DefaultMBeanServerInterceptor.invoke(DefaultMBeanServerInterceptor.java:803)
		at java.management/com.sun.jmx.mbeanserver.JmxMBeanServer.invoke(JmxMBeanServer.java:802)
		at org.apache.catalina.manager.ManagerServlet.check(ManagerServlet.java:1451)
		at org.apache.catalina.manager.ManagerServlet.deploy(ManagerServlet.java:945)
		at org.apache.catalina.manager.ManagerServlet.doGet(ManagerServlet.java:310)
		at jakarta.servlet.http.HttpServlet.service(HttpServlet.java:622)
		at jakarta.servlet.http.HttpServlet.service(HttpServlet.java:710)
		at org.apache.catalina.core.ApplicationFilterChain.doFilter(ApplicationFilterChain.java:130)
		at org.apache.tomcat.websocket.server.WsFilter.doFilter(WsFilter.java:53)
		at org.apache.catalina.core.ApplicationFilterChain.doFilter(ApplicationFilterChain.java:109)
		at org.apache.catalina.filters.HttpHeaderSecurityFilter.doFilter(HttpHeaderSecurityFilter.java:114)
		at org.apache.catalina.core.ApplicationFilterChain.doFilter(ApplicationFilterChain.java:109)
		at org.apache.catalina.core.StandardWrapperValve.invoke(StandardWrapperValve.java:167)
		at org.apache.catalina.core.StandardContextValve.invoke(StandardContextValve.java:79)
		at org.apache.catalina.authenticator.AuthenticatorBase.invoke(AuthenticatorBase.java:598)
		at org.apache.catalina.valves.RequestFilterValve.process(RequestFilterValve.java:354)
		at org.apache.catalina.valves.RemoteAddrValve.invoke(RemoteAddrValve.java:54)
		at org.apache.catalina.core.StandardHostValve.invoke(StandardHostValve.java:116)
		at org.apache.catalina.valves.ErrorReportValve.invoke(ErrorReportValve.java:93)
		at org.apache.catalina.valves.AbstractAccessLogValve.invoke(AbstractAccessLogValve.java:666)
		at org.apache.catalina.core.StandardEngineValve.invoke(StandardEngineValve.java:74)
		at org.apache.catalina.connector.CoyoteAdapter.service(CoyoteAdapter.java:343)
		at org.apache.coyote.http11.Http11Processor.service(Http11Processor.java:396)
		at org.apache.coyote.AbstractProcessorLight.process(AbstractProcessorLight.java:63)
		at org.apache.coyote.AbstractProtocol$ConnectionHandler.process(AbstractProtocol.java:903)
		at org.apache.tomcat.util.net.NioEndpoint$SocketProcessor.doRun(NioEndpoint.java:1773)
		at org.apache.tomcat.util.net.SocketProcessorBase.run(SocketProcessorBase.java:52)
		at org.apache.tomcat.util.threads.ThreadPoolExecutor.runWorker(ThreadPoolExecutor.java:1149)
		at org.apache.tomcat.util.threads.ThreadPoolExecutor$Worker.run(ThreadPoolExecutor.java:637)
		at org.apache.tomcat.util.threads.TaskThread$WrappingRunnable.run(TaskThread.java:59)
		at java.base/java.lang.Thread.run(Thread.java:1570)
12-Jun-2025 17:35:52.548 SEVERE [http-nio-8080-exec-71] org.apache.catalina.core.ApplicationContext.log Servlet.init() para servlet [com.mycompany.helder_proyect_java.JakartaRestConfiguration] lanzó excepción
	java.lang.IllegalStateException: InjectionManagerFactory not found.
		at org.glassfish.jersey.internal.inject.Injections.lambda$lookupInjectionManagerFactory$0(Injections.java:86)
		at java.base/java.util.Optional.orElseThrow(Optional.java:403)
		at org.glassfish.jersey.internal.inject.Injections.lookupInjectionManagerFactory(Injections.java:86)
		at org.glassfish.jersey.internal.inject.Injections.createInjectionManager(Injections.java:81)
		at org.glassfish.jersey.server.ApplicationHandler.<init>(ApplicationHandler.java:274)
		at org.glassfish.jersey.servlet.WebComponent.<init>(WebComponent.java:311)
		at org.glassfish.jersey.servlet.ServletContainer.init(ServletContainer.java:154)
		at org.glassfish.jersey.servlet.ServletContainer.init(ServletContainer.java:338)
		at jakarta.servlet.GenericServlet.init(GenericServlet.java:145)
		at jakarta.servlet.http.HttpServlet.init(HttpServlet.java:124)
		at org.apache.catalina.core.StandardWrapper.initServlet(StandardWrapper.java:822)
		at org.apache.catalina.core.StandardWrapper.load(StandardWrapper.java:699)
		at org.apache.catalina.core.StandardContext.loadOnStartup(StandardContext.java:4189)
		at org.apache.catalina.core.StandardContext.startInternal(StandardContext.java:4472)
		at org.apache.catalina.util.LifecycleBase.start(LifecycleBase.java:164)
		at org.apache.catalina.core.ContainerBase.addChild(ContainerBase.java:566)
		at org.apache.catalina.core.StandardHost.addChild(StandardHost.java:652)
		at org.apache.catalina.startup.HostConfig.deployDescriptor(HostConfig.java:593)
		at org.apache.catalina.startup.HostConfig.deployApps(HostConfig.java:442)
		at org.apache.catalina.startup.HostConfig.check(HostConfig.java:1656)
		at java.base/jdk.internal.reflect.DirectMethodHandleAccessor.invoke(DirectMethodHandleAccessor.java:103)
		at java.base/java.lang.reflect.Method.invoke(Method.java:580)
		at org.apache.tomcat.util.modeler.BaseModelMBean.invoke(BaseModelMBean.java:252)
		at java.management/com.sun.jmx.interceptor.DefaultMBeanServerInterceptor.invoke(DefaultMBeanServerInterceptor.java:803)
		at java.management/com.sun.jmx.mbeanserver.JmxMBeanServer.invoke(JmxMBeanServer.java:802)
		at org.apache.catalina.manager.ManagerServlet.check(ManagerServlet.java:1451)
		at org.apache.catalina.manager.ManagerServlet.deploy(ManagerServlet.java:945)
		at org.apache.catalina.manager.ManagerServlet.doGet(ManagerServlet.java:310)
		at jakarta.servlet.http.HttpServlet.service(HttpServlet.java:622)
		at jakarta.servlet.http.HttpServlet.service(HttpServlet.java:710)
		at org.apache.catalina.core.ApplicationFilterChain.doFilter(ApplicationFilterChain.java:130)
		at org.apache.tomcat.websocket.server.WsFilter.doFilter(WsFilter.java:53)
		at org.apache.catalina.core.ApplicationFilterChain.doFilter(ApplicationFilterChain.java:109)
		at org.apache.catalina.filters.HttpHeaderSecurityFilter.doFilter(HttpHeaderSecurityFilter.java:114)
		at org.apache.catalina.core.ApplicationFilterChain.doFilter(ApplicationFilterChain.java:109)
		at org.apache.catalina.core.StandardWrapperValve.invoke(StandardWrapperValve.java:167)
		at org.apache.catalina.core.StandardContextValve.invoke(StandardContextValve.java:79)
		at org.apache.catalina.authenticator.AuthenticatorBase.invoke(AuthenticatorBase.java:598)
		at org.apache.catalina.valves.RequestFilterValve.process(RequestFilterValve.java:354)
		at org.apache.catalina.valves.RemoteAddrValve.invoke(RemoteAddrValve.java:54)
		at org.apache.catalina.core.StandardHostValve.invoke(StandardHostValve.java:116)
		at org.apache.catalina.valves.ErrorReportValve.invoke(ErrorReportValve.java:93)
		at org.apache.catalina.valves.AbstractAccessLogValve.invoke(AbstractAccessLogValve.java:666)
		at org.apache.catalina.core.StandardEngineValve.invoke(StandardEngineValve.java:74)
		at org.apache.catalina.connector.CoyoteAdapter.service(CoyoteAdapter.java:343)
		at org.apache.coyote.http11.Http11Processor.service(Http11Processor.java:396)
		at org.apache.coyote.AbstractProcessorLight.process(AbstractProcessorLight.java:63)
		at org.apache.coyote.AbstractProtocol$ConnectionHandler.process(AbstractProtocol.java:903)
		at org.apache.tomcat.util.net.NioEndpoint$SocketProcessor.doRun(NioEndpoint.java:1773)
		at org.apache.tomcat.util.net.SocketProcessorBase.run(SocketProcessorBase.java:52)
		at org.apache.tomcat.util.threads.ThreadPoolExecutor.runWorker(ThreadPoolExecutor.java:1149)
		at org.apache.tomcat.util.threads.ThreadPoolExecutor$Worker.run(ThreadPoolExecutor.java:637)
		at org.apache.tomcat.util.threads.TaskThread$WrappingRunnable.run(TaskThread.java:59)
		at java.base/java.lang.Thread.run(Thread.java:1570)
12-Jun-2025 17:35:52.548 SEVERE [http-nio-8080-exec-71] org.apache.catalina.core.StandardContext.loadOnStartup Servlet [com.mycompany.helder_proyect_java.JakartaRestConfiguration] in web application [/urban_pro] threw load() exception
	java.lang.IllegalStateException: InjectionManagerFactory not found.
		at org.glassfish.jersey.internal.inject.Injections.lambda$lookupInjectionManagerFactory$0(Injections.java:86)
		at java.base/java.util.Optional.orElseThrow(Optional.java:403)
		at org.glassfish.jersey.internal.inject.Injections.lookupInjectionManagerFactory(Injections.java:86)
		at org.glassfish.jersey.internal.inject.Injections.createInjectionManager(Injections.java:81)
		at org.glassfish.jersey.server.ApplicationHandler.<init>(ApplicationHandler.java:274)
		at org.glassfish.jersey.servlet.WebComponent.<init>(WebComponent.java:311)
		at org.glassfish.jersey.servlet.ServletContainer.init(ServletContainer.java:154)
		at org.glassfish.jersey.servlet.ServletContainer.init(ServletContainer.java:338)
		at jakarta.servlet.GenericServlet.init(GenericServlet.java:145)
		at jakarta.servlet.http.HttpServlet.init(HttpServlet.java:124)
		at org.apache.catalina.core.StandardWrapper.initServlet(StandardWrapper.java:822)
		at org.apache.catalina.core.StandardWrapper.load(StandardWrapper.java:699)
		at org.apache.catalina.core.StandardContext.loadOnStartup(StandardContext.java:4189)
		at org.apache.catalina.core.StandardContext.startInternal(StandardContext.java:4472)
		at org.apache.catalina.util.LifecycleBase.start(LifecycleBase.java:164)
		at org.apache.catalina.core.ContainerBase.addChild(ContainerBase.java:566)
		at org.apache.catalina.core.StandardHost.addChild(StandardHost.java:652)
		at org.apache.catalina.startup.HostConfig.deployDescriptor(HostConfig.java:593)
		at org.apache.catalina.startup.HostConfig.deployApps(HostConfig.java:442)
		at org.apache.catalina.startup.HostConfig.check(HostConfig.java:1656)
		at java.base/jdk.internal.reflect.DirectMethodHandleAccessor.invoke(DirectMethodHandleAccessor.java:103)
		at java.base/java.lang.reflect.Method.invoke(Method.java:580)
		at org.apache.tomcat.util.modeler.BaseModelMBean.invoke(BaseModelMBean.java:252)
		at java.management/com.sun.jmx.interceptor.DefaultMBeanServerInterceptor.invoke(DefaultMBeanServerInterceptor.java:803)
		at java.management/com.sun.jmx.mbeanserver.JmxMBeanServer.invoke(JmxMBeanServer.java:802)
		at org.apache.catalina.manager.ManagerServlet.check(ManagerServlet.java:1451)
		at org.apache.catalina.manager.ManagerServlet.deploy(ManagerServlet.java:945)
		at org.apache.catalina.manager.ManagerServlet.doGet(ManagerServlet.java:310)
		at jakarta.servlet.http.HttpServlet.service(HttpServlet.java:622)
		at jakarta.servlet.http.HttpServlet.service(HttpServlet.java:710)
		at org.apache.catalina.core.ApplicationFilterChain.doFilter(ApplicationFilterChain.java:130)
		at org.apache.tomcat.websocket.server.WsFilter.doFilter(WsFilter.java:53)
		at org.apache.catalina.core.ApplicationFilterChain.doFilter(ApplicationFilterChain.java:109)
		at org.apache.catalina.filters.HttpHeaderSecurityFilter.doFilter(HttpHeaderSecurityFilter.java:114)
		at org.apache.catalina.core.ApplicationFilterChain.doFilter(ApplicationFilterChain.java:109)
		at org.apache.catalina.core.StandardWrapperValve.invoke(StandardWrapperValve.java:167)
		at org.apache.catalina.core.StandardContextValve.invoke(StandardContextValve.java:79)
		at org.apache.catalina.authenticator.AuthenticatorBase.invoke(AuthenticatorBase.java:598)
		at org.apache.catalina.valves.RequestFilterValve.process(RequestFilterValve.java:354)
		at org.apache.catalina.valves.RemoteAddrValve.invoke(RemoteAddrValve.java:54)
		at org.apache.catalina.core.StandardHostValve.invoke(StandardHostValve.java:116)
		at org.apache.catalina.valves.ErrorReportValve.invoke(ErrorReportValve.java:93)
		at org.apache.catalina.valves.AbstractAccessLogValve.invoke(AbstractAccessLogValve.java:666)
		at org.apache.catalina.core.StandardEngineValve.invoke(StandardEngineValve.java:74)
		at org.apache.catalina.connector.CoyoteAdapter.service(CoyoteAdapter.java:343)
		at org.apache.coyote.http11.Http11Processor.service(Http11Processor.java:396)
		at org.apache.coyote.AbstractProcessorLight.process(AbstractProcessorLight.java:63)
		at org.apache.coyote.AbstractProtocol$ConnectionHandler.process(AbstractProtocol.java:903)
		at org.apache.tomcat.util.net.NioEndpoint$SocketProcessor.doRun(NioEndpoint.java:1773)
		at org.apache.tomcat.util.net.SocketProcessorBase.run(SocketProcessorBase.java:52)
		at org.apache.tomcat.util.threads.ThreadPoolExecutor.runWorker(ThreadPoolExecutor.java:1149)
		at org.apache.tomcat.util.threads.ThreadPoolExecutor$Worker.run(ThreadPoolExecutor.java:637)
		at org.apache.tomcat.util.threads.TaskThread$WrappingRunnable.run(TaskThread.java:59)
		at java.base/java.lang.Thread.run(Thread.java:1570)
12-Jun-2025 17:39:27.057 SEVERE [http-nio-8080-exec-82] org.apache.catalina.core.ApplicationContext.log Servlet.init() para servlet [JerseyServlet] lanzó excepción
	java.lang.IllegalStateException: InjectionManagerFactory not found.
		at org.glassfish.jersey.internal.inject.Injections.lambda$lookupInjectionManagerFactory$0(Injections.java:86)
		at java.base/java.util.Optional.orElseThrow(Optional.java:403)
		at org.glassfish.jersey.internal.inject.Injections.lookupInjectionManagerFactory(Injections.java:86)
		at org.glassfish.jersey.internal.inject.Injections.createInjectionManager(Injections.java:81)
		at org.glassfish.jersey.server.ApplicationHandler.<init>(ApplicationHandler.java:274)
		at org.glassfish.jersey.servlet.WebComponent.<init>(WebComponent.java:311)
		at org.glassfish.jersey.servlet.ServletContainer.init(ServletContainer.java:154)
		at org.glassfish.jersey.servlet.ServletContainer.init(ServletContainer.java:338)
		at jakarta.servlet.GenericServlet.init(GenericServlet.java:145)
		at jakarta.servlet.http.HttpServlet.init(HttpServlet.java:124)
		at org.apache.catalina.core.StandardWrapper.initServlet(StandardWrapper.java:822)
		at org.apache.catalina.core.StandardWrapper.loadServlet(StandardWrapper.java:792)
		at org.apache.catalina.core.StandardWrapper.load(StandardWrapper.java:696)
		at org.apache.catalina.core.StandardContext.loadOnStartup(StandardContext.java:4189)
		at org.apache.catalina.core.StandardContext.startInternal(StandardContext.java:4472)
		at org.apache.catalina.util.LifecycleBase.start(LifecycleBase.java:164)
		at org.apache.catalina.core.ContainerBase.addChild(ContainerBase.java:566)
		at org.apache.catalina.core.StandardHost.addChild(StandardHost.java:652)
		at org.apache.catalina.startup.HostConfig.deployDescriptor(HostConfig.java:593)
		at org.apache.catalina.startup.HostConfig.deployApps(HostConfig.java:442)
		at org.apache.catalina.startup.HostConfig.check(HostConfig.java:1656)
		at java.base/jdk.internal.reflect.DirectMethodHandleAccessor.invoke(DirectMethodHandleAccessor.java:103)
		at java.base/java.lang.reflect.Method.invoke(Method.java:580)
		at org.apache.tomcat.util.modeler.BaseModelMBean.invoke(BaseModelMBean.java:252)
		at java.management/com.sun.jmx.interceptor.DefaultMBeanServerInterceptor.invoke(DefaultMBeanServerInterceptor.java:803)
		at java.management/com.sun.jmx.mbeanserver.JmxMBeanServer.invoke(JmxMBeanServer.java:802)
		at org.apache.catalina.manager.ManagerServlet.check(ManagerServlet.java:1451)
		at org.apache.catalina.manager.ManagerServlet.deploy(ManagerServlet.java:945)
		at org.apache.catalina.manager.ManagerServlet.doGet(ManagerServlet.java:310)
		at jakarta.servlet.http.HttpServlet.service(HttpServlet.java:622)
		at jakarta.servlet.http.HttpServlet.service(HttpServlet.java:710)
		at org.apache.catalina.core.ApplicationFilterChain.doFilter(ApplicationFilterChain.java:130)
		at org.apache.tomcat.websocket.server.WsFilter.doFilter(WsFilter.java:53)
		at org.apache.catalina.core.ApplicationFilterChain.doFilter(ApplicationFilterChain.java:109)
		at org.apache.catalina.filters.HttpHeaderSecurityFilter.doFilter(HttpHeaderSecurityFilter.java:114)
		at org.apache.catalina.core.ApplicationFilterChain.doFilter(ApplicationFilterChain.java:109)
		at org.apache.catalina.core.StandardWrapperValve.invoke(StandardWrapperValve.java:167)
		at org.apache.catalina.core.StandardContextValve.invoke(StandardContextValve.java:79)
		at org.apache.catalina.authenticator.AuthenticatorBase.invoke(AuthenticatorBase.java:598)
		at org.apache.catalina.valves.RequestFilterValve.process(RequestFilterValve.java:354)
		at org.apache.catalina.valves.RemoteAddrValve.invoke(RemoteAddrValve.java:54)
		at org.apache.catalina.core.StandardHostValve.invoke(StandardHostValve.java:116)
		at org.apache.catalina.valves.ErrorReportValve.invoke(ErrorReportValve.java:93)
		at org.apache.catalina.valves.AbstractAccessLogValve.invoke(AbstractAccessLogValve.java:666)
		at org.apache.catalina.core.StandardEngineValve.invoke(StandardEngineValve.java:74)
		at org.apache.catalina.connector.CoyoteAdapter.service(CoyoteAdapter.java:343)
		at org.apache.coyote.http11.Http11Processor.service(Http11Processor.java:396)
		at org.apache.coyote.AbstractProcessorLight.process(AbstractProcessorLight.java:63)
		at org.apache.coyote.AbstractProtocol$ConnectionHandler.process(AbstractProtocol.java:903)
		at org.apache.tomcat.util.net.NioEndpoint$SocketProcessor.doRun(NioEndpoint.java:1773)
		at org.apache.tomcat.util.net.SocketProcessorBase.run(SocketProcessorBase.java:52)
		at org.apache.tomcat.util.threads.ThreadPoolExecutor.runWorker(ThreadPoolExecutor.java:1149)
		at org.apache.tomcat.util.threads.ThreadPoolExecutor$Worker.run(ThreadPoolExecutor.java:637)
		at org.apache.tomcat.util.threads.TaskThread$WrappingRunnable.run(TaskThread.java:59)
		at java.base/java.lang.Thread.run(Thread.java:1570)
12-Jun-2025 17:39:27.057 SEVERE [http-nio-8080-exec-82] org.apache.catalina.core.StandardContext.loadOnStartup Servlet [JerseyServlet] in web application [/helder_proyect_final] threw load() exception
	java.lang.IllegalStateException: InjectionManagerFactory not found.
		at org.glassfish.jersey.internal.inject.Injections.lambda$lookupInjectionManagerFactory$0(Injections.java:86)
		at java.base/java.util.Optional.orElseThrow(Optional.java:403)
		at org.glassfish.jersey.internal.inject.Injections.lookupInjectionManagerFactory(Injections.java:86)
		at org.glassfish.jersey.internal.inject.Injections.createInjectionManager(Injections.java:81)
		at org.glassfish.jersey.server.ApplicationHandler.<init>(ApplicationHandler.java:274)
		at org.glassfish.jersey.servlet.WebComponent.<init>(WebComponent.java:311)
		at org.glassfish.jersey.servlet.ServletContainer.init(ServletContainer.java:154)
		at org.glassfish.jersey.servlet.ServletContainer.init(ServletContainer.java:338)
		at jakarta.servlet.GenericServlet.init(GenericServlet.java:145)
		at jakarta.servlet.http.HttpServlet.init(HttpServlet.java:124)
		at org.apache.catalina.core.StandardWrapper.initServlet(StandardWrapper.java:822)
		at org.apache.catalina.core.StandardWrapper.loadServlet(StandardWrapper.java:792)
		at org.apache.catalina.core.StandardWrapper.load(StandardWrapper.java:696)
		at org.apache.catalina.core.StandardContext.loadOnStartup(StandardContext.java:4189)
		at org.apache.catalina.core.StandardContext.startInternal(StandardContext.java:4472)
		at org.apache.catalina.util.LifecycleBase.start(LifecycleBase.java:164)
		at org.apache.catalina.core.ContainerBase.addChild(ContainerBase.java:566)
		at org.apache.catalina.core.StandardHost.addChild(StandardHost.java:652)
		at org.apache.catalina.startup.HostConfig.deployDescriptor(HostConfig.java:593)
		at org.apache.catalina.startup.HostConfig.deployApps(HostConfig.java:442)
		at org.apache.catalina.startup.HostConfig.check(HostConfig.java:1656)
		at java.base/jdk.internal.reflect.DirectMethodHandleAccessor.invoke(DirectMethodHandleAccessor.java:103)
		at java.base/java.lang.reflect.Method.invoke(Method.java:580)
		at org.apache.tomcat.util.modeler.BaseModelMBean.invoke(BaseModelMBean.java:252)
		at java.management/com.sun.jmx.interceptor.DefaultMBeanServerInterceptor.invoke(DefaultMBeanServerInterceptor.java:803)
		at java.management/com.sun.jmx.mbeanserver.JmxMBeanServer.invoke(JmxMBeanServer.java:802)
		at org.apache.catalina.manager.ManagerServlet.check(ManagerServlet.java:1451)
		at org.apache.catalina.manager.ManagerServlet.deploy(ManagerServlet.java:945)
		at org.apache.catalina.manager.ManagerServlet.doGet(ManagerServlet.java:310)
		at jakarta.servlet.http.HttpServlet.service(HttpServlet.java:622)
		at jakarta.servlet.http.HttpServlet.service(HttpServlet.java:710)
		at org.apache.catalina.core.ApplicationFilterChain.doFilter(ApplicationFilterChain.java:130)
		at org.apache.tomcat.websocket.server.WsFilter.doFilter(WsFilter.java:53)
		at org.apache.catalina.core.ApplicationFilterChain.doFilter(ApplicationFilterChain.java:109)
		at org.apache.catalina.filters.HttpHeaderSecurityFilter.doFilter(HttpHeaderSecurityFilter.java:114)
		at org.apache.catalina.core.ApplicationFilterChain.doFilter(ApplicationFilterChain.java:109)
		at org.apache.catalina.core.StandardWrapperValve.invoke(StandardWrapperValve.java:167)
		at org.apache.catalina.core.StandardContextValve.invoke(StandardContextValve.java:79)
		at org.apache.catalina.authenticator.AuthenticatorBase.invoke(AuthenticatorBase.java:598)
		at org.apache.catalina.valves.RequestFilterValve.process(RequestFilterValve.java:354)
		at org.apache.catalina.valves.RemoteAddrValve.invoke(RemoteAddrValve.java:54)
		at org.apache.catalina.core.StandardHostValve.invoke(StandardHostValve.java:116)
		at org.apache.catalina.valves.ErrorReportValve.invoke(ErrorReportValve.java:93)
		at org.apache.catalina.valves.AbstractAccessLogValve.invoke(AbstractAccessLogValve.java:666)
		at org.apache.catalina.core.StandardEngineValve.invoke(StandardEngineValve.java:74)
		at org.apache.catalina.connector.CoyoteAdapter.service(CoyoteAdapter.java:343)
		at org.apache.coyote.http11.Http11Processor.service(Http11Processor.java:396)
		at org.apache.coyote.AbstractProcessorLight.process(AbstractProcessorLight.java:63)
		at org.apache.coyote.AbstractProtocol$ConnectionHandler.process(AbstractProtocol.java:903)
		at org.apache.tomcat.util.net.NioEndpoint$SocketProcessor.doRun(NioEndpoint.java:1773)
		at org.apache.tomcat.util.net.SocketProcessorBase.run(SocketProcessorBase.java:52)
		at org.apache.tomcat.util.threads.ThreadPoolExecutor.runWorker(ThreadPoolExecutor.java:1149)
		at org.apache.tomcat.util.threads.ThreadPoolExecutor$Worker.run(ThreadPoolExecutor.java:637)
		at org.apache.tomcat.util.threads.TaskThread$WrappingRunnable.run(TaskThread.java:59)
		at java.base/java.lang.Thread.run(Thread.java:1570)
12-Jun-2025 17:40:53.823 SEVERE [http-nio-8080-exec-79] org.apache.catalina.core.ApplicationContext.log Servlet.init() para servlet [JerseyServlet] lanzó excepción
	java.lang.IllegalStateException: InjectionManagerFactory not found.
		at org.glassfish.jersey.internal.inject.Injections.lambda$lookupInjectionManagerFactory$0(Injections.java:86)
		at java.base/java.util.Optional.orElseThrow(Optional.java:403)
		at org.glassfish.jersey.internal.inject.Injections.lookupInjectionManagerFactory(Injections.java:86)
		at org.glassfish.jersey.internal.inject.Injections.createInjectionManager(Injections.java:81)
		at org.glassfish.jersey.server.ApplicationHandler.<init>(ApplicationHandler.java:274)
		at org.glassfish.jersey.servlet.WebComponent.<init>(WebComponent.java:311)
		at org.glassfish.jersey.servlet.ServletContainer.init(ServletContainer.java:154)
		at org.glassfish.jersey.servlet.ServletContainer.init(ServletContainer.java:338)
		at jakarta.servlet.GenericServlet.init(GenericServlet.java:145)
		at jakarta.servlet.http.HttpServlet.init(HttpServlet.java:124)
		at org.apache.catalina.core.StandardWrapper.initServlet(StandardWrapper.java:822)
		at org.apache.catalina.core.StandardWrapper.loadServlet(StandardWrapper.java:792)
		at org.apache.catalina.core.StandardWrapper.load(StandardWrapper.java:696)
		at org.apache.catalina.core.StandardContext.loadOnStartup(StandardContext.java:4189)
		at org.apache.catalina.core.StandardContext.startInternal(StandardContext.java:4472)
		at org.apache.catalina.util.LifecycleBase.start(LifecycleBase.java:164)
		at org.apache.catalina.core.ContainerBase.addChild(ContainerBase.java:566)
		at org.apache.catalina.core.StandardHost.addChild(StandardHost.java:652)
		at org.apache.catalina.startup.HostConfig.deployDescriptor(HostConfig.java:593)
		at org.apache.catalina.startup.HostConfig.deployApps(HostConfig.java:442)
		at org.apache.catalina.startup.HostConfig.check(HostConfig.java:1656)
		at java.base/jdk.internal.reflect.DirectMethodHandleAccessor.invoke(DirectMethodHandleAccessor.java:103)
		at java.base/java.lang.reflect.Method.invoke(Method.java:580)
		at org.apache.tomcat.util.modeler.BaseModelMBean.invoke(BaseModelMBean.java:252)
		at java.management/com.sun.jmx.interceptor.DefaultMBeanServerInterceptor.invoke(DefaultMBeanServerInterceptor.java:803)
		at java.management/com.sun.jmx.mbeanserver.JmxMBeanServer.invoke(JmxMBeanServer.java:802)
		at org.apache.catalina.manager.ManagerServlet.check(ManagerServlet.java:1451)
		at org.apache.catalina.manager.ManagerServlet.deploy(ManagerServlet.java:945)
		at org.apache.catalina.manager.ManagerServlet.doGet(ManagerServlet.java:310)
		at jakarta.servlet.http.HttpServlet.service(HttpServlet.java:622)
		at jakarta.servlet.http.HttpServlet.service(HttpServlet.java:710)
		at org.apache.catalina.core.ApplicationFilterChain.doFilter(ApplicationFilterChain.java:130)
		at org.apache.tomcat.websocket.server.WsFilter.doFilter(WsFilter.java:53)
		at org.apache.catalina.core.ApplicationFilterChain.doFilter(ApplicationFilterChain.java:109)
		at org.apache.catalina.filters.HttpHeaderSecurityFilter.doFilter(HttpHeaderSecurityFilter.java:114)
		at org.apache.catalina.core.ApplicationFilterChain.doFilter(ApplicationFilterChain.java:109)
		at org.apache.catalina.core.StandardWrapperValve.invoke(StandardWrapperValve.java:167)
		at org.apache.catalina.core.StandardContextValve.invoke(StandardContextValve.java:79)
		at org.apache.catalina.authenticator.AuthenticatorBase.invoke(AuthenticatorBase.java:598)
		at org.apache.catalina.valves.RequestFilterValve.process(RequestFilterValve.java:354)
		at org.apache.catalina.valves.RemoteAddrValve.invoke(RemoteAddrValve.java:54)
		at org.apache.catalina.core.StandardHostValve.invoke(StandardHostValve.java:116)
		at org.apache.catalina.valves.ErrorReportValve.invoke(ErrorReportValve.java:93)
		at org.apache.catalina.valves.AbstractAccessLogValve.invoke(AbstractAccessLogValve.java:666)
		at org.apache.catalina.core.StandardEngineValve.invoke(StandardEngineValve.java:74)
		at org.apache.catalina.connector.CoyoteAdapter.service(CoyoteAdapter.java:343)
		at org.apache.coyote.http11.Http11Processor.service(Http11Processor.java:396)
		at org.apache.coyote.AbstractProcessorLight.process(AbstractProcessorLight.java:63)
		at org.apache.coyote.AbstractProtocol$ConnectionHandler.process(AbstractProtocol.java:903)
		at org.apache.tomcat.util.net.NioEndpoint$SocketProcessor.doRun(NioEndpoint.java:1773)
		at org.apache.tomcat.util.net.SocketProcessorBase.run(SocketProcessorBase.java:52)
		at org.apache.tomcat.util.threads.ThreadPoolExecutor.runWorker(ThreadPoolExecutor.java:1149)
		at org.apache.tomcat.util.threads.ThreadPoolExecutor$Worker.run(ThreadPoolExecutor.java:637)
		at org.apache.tomcat.util.threads.TaskThread$WrappingRunnable.run(TaskThread.java:59)
		at java.base/java.lang.Thread.run(Thread.java:1570)
12-Jun-2025 17:40:53.823 SEVERE [http-nio-8080-exec-79] org.apache.catalina.core.StandardContext.loadOnStartup Servlet [JerseyServlet] in web application [/helder] threw load() exception
	java.lang.IllegalStateException: InjectionManagerFactory not found.
		at org.glassfish.jersey.internal.inject.Injections.lambda$lookupInjectionManagerFactory$0(Injections.java:86)
		at java.base/java.util.Optional.orElseThrow(Optional.java:403)
		at org.glassfish.jersey.internal.inject.Injections.lookupInjectionManagerFactory(Injections.java:86)
		at org.glassfish.jersey.internal.inject.Injections.createInjectionManager(Injections.java:81)
		at org.glassfish.jersey.server.ApplicationHandler.<init>(ApplicationHandler.java:274)
		at org.glassfish.jersey.servlet.WebComponent.<init>(WebComponent.java:311)
		at org.glassfish.jersey.servlet.ServletContainer.init(ServletContainer.java:154)
		at org.glassfish.jersey.servlet.ServletContainer.init(ServletContainer.java:338)
		at jakarta.servlet.GenericServlet.init(GenericServlet.java:145)
		at jakarta.servlet.http.HttpServlet.init(HttpServlet.java:124)
		at org.apache.catalina.core.StandardWrapper.initServlet(StandardWrapper.java:822)
		at org.apache.catalina.core.StandardWrapper.loadServlet(StandardWrapper.java:792)
		at org.apache.catalina.core.StandardWrapper.load(StandardWrapper.java:696)
		at org.apache.catalina.core.StandardContext.loadOnStartup(StandardContext.java:4189)
		at org.apache.catalina.core.StandardContext.startInternal(StandardContext.java:4472)
		at org.apache.catalina.util.LifecycleBase.start(LifecycleBase.java:164)
		at org.apache.catalina.core.ContainerBase.addChild(ContainerBase.java:566)
		at org.apache.catalina.core.StandardHost.addChild(StandardHost.java:652)
		at org.apache.catalina.startup.HostConfig.deployDescriptor(HostConfig.java:593)
		at org.apache.catalina.startup.HostConfig.deployApps(HostConfig.java:442)
		at org.apache.catalina.startup.HostConfig.check(HostConfig.java:1656)
		at java.base/jdk.internal.reflect.DirectMethodHandleAccessor.invoke(DirectMethodHandleAccessor.java:103)
		at java.base/java.lang.reflect.Method.invoke(Method.java:580)
		at org.apache.tomcat.util.modeler.BaseModelMBean.invoke(BaseModelMBean.java:252)
		at java.management/com.sun.jmx.interceptor.DefaultMBeanServerInterceptor.invoke(DefaultMBeanServerInterceptor.java:803)
		at java.management/com.sun.jmx.mbeanserver.JmxMBeanServer.invoke(JmxMBeanServer.java:802)
		at org.apache.catalina.manager.ManagerServlet.check(ManagerServlet.java:1451)
		at org.apache.catalina.manager.ManagerServlet.deploy(ManagerServlet.java:945)
		at org.apache.catalina.manager.ManagerServlet.doGet(ManagerServlet.java:310)
		at jakarta.servlet.http.HttpServlet.service(HttpServlet.java:622)
		at jakarta.servlet.http.HttpServlet.service(HttpServlet.java:710)
		at org.apache.catalina.core.ApplicationFilterChain.doFilter(ApplicationFilterChain.java:130)
		at org.apache.tomcat.websocket.server.WsFilter.doFilter(WsFilter.java:53)
		at org.apache.catalina.core.ApplicationFilterChain.doFilter(ApplicationFilterChain.java:109)
		at org.apache.catalina.filters.HttpHeaderSecurityFilter.doFilter(HttpHeaderSecurityFilter.java:114)
		at org.apache.catalina.core.ApplicationFilterChain.doFilter(ApplicationFilterChain.java:109)
		at org.apache.catalina.core.StandardWrapperValve.invoke(StandardWrapperValve.java:167)
		at org.apache.catalina.core.StandardContextValve.invoke(StandardContextValve.java:79)
		at org.apache.catalina.authenticator.AuthenticatorBase.invoke(AuthenticatorBase.java:598)
		at org.apache.catalina.valves.RequestFilterValve.process(RequestFilterValve.java:354)
		at org.apache.catalina.valves.RemoteAddrValve.invoke(RemoteAddrValve.java:54)
		at org.apache.catalina.core.StandardHostValve.invoke(StandardHostValve.java:116)
		at org.apache.catalina.valves.ErrorReportValve.invoke(ErrorReportValve.java:93)
		at org.apache.catalina.valves.AbstractAccessLogValve.invoke(AbstractAccessLogValve.java:666)
		at org.apache.catalina.core.StandardEngineValve.invoke(StandardEngineValve.java:74)
		at org.apache.catalina.connector.CoyoteAdapter.service(CoyoteAdapter.java:343)
		at org.apache.coyote.http11.Http11Processor.service(Http11Processor.java:396)
		at org.apache.coyote.AbstractProcessorLight.process(AbstractProcessorLight.java:63)
		at org.apache.coyote.AbstractProtocol$ConnectionHandler.process(AbstractProtocol.java:903)
		at org.apache.tomcat.util.net.NioEndpoint$SocketProcessor.doRun(NioEndpoint.java:1773)
		at org.apache.tomcat.util.net.SocketProcessorBase.run(SocketProcessorBase.java:52)
		at org.apache.tomcat.util.threads.ThreadPoolExecutor.runWorker(ThreadPoolExecutor.java:1149)
		at org.apache.tomcat.util.threads.ThreadPoolExecutor$Worker.run(ThreadPoolExecutor.java:637)
		at org.apache.tomcat.util.threads.TaskThread$WrappingRunnable.run(TaskThread.java:59)
		at java.base/java.lang.Thread.run(Thread.java:1570)
12-Jun-2025 17:41:42.457 SEVERE [http-nio-8080-exec-85] org.apache.catalina.core.ApplicationContext.log Servlet.init() para servlet [JerseyServlet] lanzó excepción
	java.lang.IllegalStateException: InjectionManagerFactory not found.
		at org.glassfish.jersey.internal.inject.Injections.lambda$lookupInjectionManagerFactory$0(Injections.java:86)
		at java.base/java.util.Optional.orElseThrow(Optional.java:403)
		at org.glassfish.jersey.internal.inject.Injections.lookupInjectionManagerFactory(Injections.java:86)
		at org.glassfish.jersey.internal.inject.Injections.createInjectionManager(Injections.java:81)
		at org.glassfish.jersey.server.ApplicationHandler.<init>(ApplicationHandler.java:274)
		at org.glassfish.jersey.servlet.WebComponent.<init>(WebComponent.java:311)
		at org.glassfish.jersey.servlet.ServletContainer.init(ServletContainer.java:154)
		at org.glassfish.jersey.servlet.ServletContainer.init(ServletContainer.java:338)
		at jakarta.servlet.GenericServlet.init(GenericServlet.java:145)
		at jakarta.servlet.http.HttpServlet.init(HttpServlet.java:124)
		at org.apache.catalina.core.StandardWrapper.initServlet(StandardWrapper.java:822)
		at org.apache.catalina.core.StandardWrapper.loadServlet(StandardWrapper.java:792)
		at org.apache.catalina.core.StandardWrapper.allocate(StandardWrapper.java:574)
		at org.apache.catalina.core.StandardWrapperValve.invoke(StandardWrapperValve.java:115)
		at org.apache.catalina.core.StandardContextValve.invoke(StandardContextValve.java:79)
		at org.apache.catalina.authenticator.AuthenticatorBase.invoke(AuthenticatorBase.java:483)
		at org.apache.catalina.core.StandardHostValve.invoke(StandardHostValve.java:116)
		at org.apache.catalina.valves.ErrorReportValve.invoke(ErrorReportValve.java:93)
		at org.apache.catalina.valves.AbstractAccessLogValve.invoke(AbstractAccessLogValve.java:666)
		at org.apache.catalina.core.StandardEngineValve.invoke(StandardEngineValve.java:74)
		at org.apache.catalina.connector.CoyoteAdapter.service(CoyoteAdapter.java:343)
		at org.apache.coyote.http11.Http11Processor.service(Http11Processor.java:396)
		at org.apache.coyote.AbstractProcessorLight.process(AbstractProcessorLight.java:63)
		at org.apache.coyote.AbstractProtocol$ConnectionHandler.process(AbstractProtocol.java:903)
		at org.apache.tomcat.util.net.NioEndpoint$SocketProcessor.doRun(NioEndpoint.java:1773)
		at org.apache.tomcat.util.net.SocketProcessorBase.run(SocketProcessorBase.java:52)
		at org.apache.tomcat.util.threads.ThreadPoolExecutor.runWorker(ThreadPoolExecutor.java:1149)
		at org.apache.tomcat.util.threads.ThreadPoolExecutor$Worker.run(ThreadPoolExecutor.java:637)
		at org.apache.tomcat.util.threads.TaskThread$WrappingRunnable.run(TaskThread.java:59)
		at java.base/java.lang.Thread.run(Thread.java:1570)
12-Jun-2025 17:41:42.457 SEVERE [http-nio-8080-exec-85] org.apache.catalina.core.StandardWrapperValve.invoke Excepción de reserva de espacio para servlet [JerseyServlet]
	java.lang.IllegalStateException: InjectionManagerFactory not found.
		at org.glassfish.jersey.internal.inject.Injections.lambda$lookupInjectionManagerFactory$0(Injections.java:86)
		at java.base/java.util.Optional.orElseThrow(Optional.java:403)
		at org.glassfish.jersey.internal.inject.Injections.lookupInjectionManagerFactory(Injections.java:86)
		at org.glassfish.jersey.internal.inject.Injections.createInjectionManager(Injections.java:81)
		at org.glassfish.jersey.server.ApplicationHandler.<init>(ApplicationHandler.java:274)
		at org.glassfish.jersey.servlet.WebComponent.<init>(WebComponent.java:311)
		at org.glassfish.jersey.servlet.ServletContainer.init(ServletContainer.java:154)
		at org.glassfish.jersey.servlet.ServletContainer.init(ServletContainer.java:338)
		at jakarta.servlet.GenericServlet.init(GenericServlet.java:145)
		at jakarta.servlet.http.HttpServlet.init(HttpServlet.java:124)
		at org.apache.catalina.core.StandardWrapper.initServlet(StandardWrapper.java:822)
		at org.apache.catalina.core.StandardWrapper.loadServlet(StandardWrapper.java:792)
		at org.apache.catalina.core.StandardWrapper.allocate(StandardWrapper.java:574)
		at org.apache.catalina.core.StandardWrapperValve.invoke(StandardWrapperValve.java:115)
		at org.apache.catalina.core.StandardContextValve.invoke(StandardContextValve.java:79)
		at org.apache.catalina.authenticator.AuthenticatorBase.invoke(AuthenticatorBase.java:483)
		at org.apache.catalina.core.StandardHostValve.invoke(StandardHostValve.java:116)
		at org.apache.catalina.valves.ErrorReportValve.invoke(ErrorReportValve.java:93)
		at org.apache.catalina.valves.AbstractAccessLogValve.invoke(AbstractAccessLogValve.java:666)
		at org.apache.catalina.core.StandardEngineValve.invoke(StandardEngineValve.java:74)
		at org.apache.catalina.connector.CoyoteAdapter.service(CoyoteAdapter.java:343)
		at org.apache.coyote.http11.Http11Processor.service(Http11Processor.java:396)
		at org.apache.coyote.AbstractProcessorLight.process(AbstractProcessorLight.java:63)
		at org.apache.coyote.AbstractProtocol$ConnectionHandler.process(AbstractProtocol.java:903)
		at org.apache.tomcat.util.net.NioEndpoint$SocketProcessor.doRun(NioEndpoint.java:1773)
		at org.apache.tomcat.util.net.SocketProcessorBase.run(SocketProcessorBase.java:52)
		at org.apache.tomcat.util.threads.ThreadPoolExecutor.runWorker(ThreadPoolExecutor.java:1149)
		at org.apache.tomcat.util.threads.ThreadPoolExecutor$Worker.run(ThreadPoolExecutor.java:637)
		at org.apache.tomcat.util.threads.TaskThread$WrappingRunnable.run(TaskThread.java:59)
		at java.base/java.lang.Thread.run(Thread.java:1570)
12-Jun-2025 17:42:18.494 INFO [main] org.apache.catalina.core.ApplicationContext.log SessionListener: contextDestroyed()
12-Jun-2025 17:42:18.494 INFO [main] org.apache.catalina.core.ApplicationContext.log ContextListener: contextDestroyed()
