18-Jun-2025 07:12:22.667 INFO [http-nio-8080-exec-5] org.apache.catalina.core.ApplicationContext.log Manager: init: Associated with Deployer 'Catalina:type=Deployer,host=localhost'
18-Jun-2025 07:12:22.667 INFO [http-nio-8080-exec-5] org.apache.catalina.core.ApplicationContext.log Manager: init: Global resources are available
18-Jun-2025 07:12:22.715 INFO [http-nio-8080-exec-7] org.apache.catalina.core.ApplicationContext.log Manager: list: Listing contexts for virtual host 'localhost'
18-Jun-2025 07:12:22.720 INFO [http-nio-8080-exec-10] org.apache.catalina.core.ApplicationContext.log Manager: list: Listing contexts for virtual host 'localhost'
18-Jun-2025 07:12:22.731 INFO [http-nio-8080-exec-1] org.apache.catalina.core.ApplicationContext.log Manager: undeploy: Undeploying web application at '/helder'
18-Jun-2025 07:12:23.663 INFO [http-nio-8080-exec-10] org.apache.catalina.core.ApplicationContext.log Manager: install: Installing context configuration at 'file:/C:/Users/PROPIE~1/AppData/Local/Temp/context6572623487003137013.xml'
18-Jun-2025 07:12:26.083 INFO [http-nio-8080-exec-8] org.apache.catalina.core.ApplicationContext.log Manager: start: Starting web application '/helder'
18-Jun-2025 09:20:15.534 INFO [http-nio-8080-exec-11] org.apache.catalina.core.ApplicationContext.log Manager: list: Listing contexts for virtual host 'localhost'
18-Jun-2025 09:20:15.541 INFO [http-nio-8080-exec-15] org.apache.catalina.core.ApplicationContext.log Manager: undeploy: Undeploying web application at '/helder'
18-Jun-2025 09:27:25.884 INFO [http-nio-8080-exec-26] org.apache.catalina.core.ApplicationContext.log Manager: list: Listing contexts for virtual host 'localhost'
18-Jun-2025 09:27:25.887 INFO [http-nio-8080-exec-28] org.apache.catalina.core.ApplicationContext.log Manager: list: Listing contexts for virtual host 'localhost'
18-Jun-2025 09:27:25.897 INFO [http-nio-8080-exec-30] org.apache.catalina.core.ApplicationContext.log Manager: install: Installing context configuration at 'file:/C:/Users/PROPIE~1/AppData/Local/Temp/context9309884699657249976.xml'
18-Jun-2025 09:27:27.058 INFO [http-nio-8080-exec-29] org.apache.catalina.core.ApplicationContext.log Manager: start: Starting web application '/helder'
18-Jun-2025 11:16:21.945 INFO [http-nio-8080-exec-23] org.apache.catalina.core.ApplicationContext.log Manager: list: Listing contexts for virtual host 'localhost'
18-Jun-2025 11:16:21.948 INFO [http-nio-8080-exec-21] org.apache.catalina.core.ApplicationContext.log Manager: list: Listing contexts for virtual host 'localhost'
18-Jun-2025 11:16:21.953 INFO [http-nio-8080-exec-22] org.apache.catalina.core.ApplicationContext.log Manager: undeploy: Undeploying web application at '/helder'
18-Jun-2025 11:16:22.488 INFO [http-nio-8080-exec-23] org.apache.catalina.core.ApplicationContext.log Manager: install: Installing context configuration at 'file:/C:/Users/PROPIE~1/AppData/Local/Temp/context10533760639751121471.xml'
18-Jun-2025 11:16:23.668 INFO [http-nio-8080-exec-30] org.apache.catalina.core.ApplicationContext.log Manager: start: Starting web application '/helder'
18-Jun-2025 11:44:28.227 INFO [http-nio-8080-exec-33] org.apache.catalina.core.ApplicationContext.log Manager: list: Listing contexts for virtual host 'localhost'
18-Jun-2025 11:44:28.230 INFO [http-nio-8080-exec-31] org.apache.catalina.core.ApplicationContext.log Manager: list: Listing contexts for virtual host 'localhost'
18-Jun-2025 11:44:28.238 INFO [http-nio-8080-exec-32] org.apache.catalina.core.ApplicationContext.log Manager: undeploy: Undeploying web application at '/helder'
18-Jun-2025 11:44:28.767 INFO [http-nio-8080-exec-36] org.apache.catalina.core.ApplicationContext.log Manager: install: Installing context configuration at 'file:/C:/Users/PROPIE~1/AppData/Local/Temp/context9173121699881278532.xml'
18-Jun-2025 11:44:29.939 INFO [http-nio-8080-exec-34] org.apache.catalina.core.ApplicationContext.log Manager: start: Starting web application '/helder'
18-Jun-2025 11:56:42.172 INFO [http-nio-8080-exec-49] org.apache.catalina.core.ApplicationContext.log Manager: list: Listing contexts for virtual host 'localhost'
18-Jun-2025 11:56:42.183 INFO [http-nio-8080-exec-50] org.apache.catalina.core.ApplicationContext.log Manager: undeploy: Undeploying web application at '/helder'
18-Jun-2025 11:57:23.936 INFO [http-nio-8080-exec-42] org.apache.catalina.core.ApplicationContext.log Manager: list: Listing contexts for virtual host 'localhost'
18-Jun-2025 11:57:23.939 INFO [http-nio-8080-exec-49] org.apache.catalina.core.ApplicationContext.log Manager: list: Listing contexts for virtual host 'localhost'
18-Jun-2025 11:57:23.948 INFO [http-nio-8080-exec-51] org.apache.catalina.core.ApplicationContext.log Manager: install: Installing context configuration at 'file:/C:/Users/PROPIE~1/AppData/Local/Temp/context16810125917055219249.xml'
18-Jun-2025 11:57:25.110 INFO [http-nio-8080-exec-52] org.apache.catalina.core.ApplicationContext.log Manager: start: Starting web application '/helder'
